PRT1
448
852
4 0 2 (13948 7168 11776 ) (13312 7168 11776 ) (13312 7168 -128 ) (13948 7168 -128 ) 
4 0 1 (13312 7168 -128 ) (13312 7168 11776 ) (13312 7863.130371 11776 ) (13312 7863.130371 -128 ) 
4 1 6 (12288 7168 -128 ) (12288 7168 11776 ) (12288 7863.130371 11776 ) (12288 7863.130371 -128 ) 
4 1 3 (13312 7168 -128 ) (13312 7168 11776 ) (12288 7168 11776 ) (12288 7168 -128 ) 
4 2 4 (13948 6144 11776 ) (13312 6144 11776 ) (13312 6144 -128 ) (13948 6144 -128 ) 
4 2 3 (13312 7168 11776 ) (13312 7168 -128 ) (13312 6144 -128 ) (13312 6144 11776 ) 
4 3 10 (12288 6144 -128 ) (12288 6144 11776 ) (12288 7168 11776 ) (12288 7168 -128 ) 
4 3 5 (13312 6144 -128 ) (13312 6144 11776 ) (12288 6144 11776 ) (12288 6144 -128 ) 
4 4 18 (13948 5120 11776 ) (13312 5120 11776 ) (13312 5120 -128 ) (13948 5120 -128 ) 
4 4 5 (13312 6144 11776 ) (13312 6144 -128 ) (13312 5120 -128 ) (13312 5120 11776 ) 
4 5 19 (13312 5120 -128 ) (13312 5120 11776 ) (12288 5120 11776 ) (12288 5120 -128 ) 
4 5 12 (12288 5120 -128 ) (12288 5120 11776 ) (12288 6144 11776 ) (12288 6144 -128 ) 
4 6 10 (12288 7168 -128 ) (12288 7168 11776 ) (11264 7168 11776 ) (11264 7168 -128 ) 
4 6 7 (11264 7168 -128 ) (11264 7168 11776 ) (11264 7863.130371 11776 ) (11264 7863.130371 -128 ) 
4 7 11 (11264 7168 -128 ) (11264 7168 11776 ) (10240 7168 11776 ) (10240 7168 -128 ) 
4 7 8 (10240 7168 -128 ) (10240 7168 11776 ) (10240 7863.130371 11776 ) (10240 7863.130371 -128 ) 
4 8 14 (10240 7168 -128 ) (10240 7168 11776 ) (9216 7168 11776 ) (9216 7168 -128 ) 
4 8 9 (9216 7168 -128 ) (9216 7168 11776 ) (9216 7863.130371 11776 ) (9216 7863.130371 -128 ) 
4 9 48 (8192 7168 -128 ) (8192 7168 11776 ) (8192 7863.130371 11776 ) (8192 7863.130371 -128 ) 
4 9 15 (9216 7168 -128 ) (9216 7168 11776 ) (8192 7168 11776 ) (8192 7168 -128 ) 
4 10 12 (12288 6144 -128 ) (12288 6144 11776 ) (11264 6144 11776 ) (11264 6144 -128 ) 
4 10 11 (11264 7168 11776 ) (11264 7168 -128 ) (11264 6144 -128 ) (11264 6144 11776 ) 
4 11 14 (10240 7168 11776 ) (10240 7168 -128 ) (10240 6144 -128 ) (10240 6144 11776 ) 
4 11 13 (11264 6144 -128 ) (11264 6144 11776 ) (10240 6144 11776 ) (10240 6144 -128 ) 
4 12 28 (12288 5120 -128 ) (12288 5120 11776 ) (11264 5120 11776 ) (11264 5120 -128 ) 
4 12 13 (11264 6144 11776 ) (11264 6144 -128 ) (11264 5120 -128 ) (11264 5120 11776 ) 
4 13 29 (11264 5120 -128 ) (11264 5120 11776 ) (10240 5120 11776 ) (10240 5120 -128 ) 
4 13 16 (10240 5120 -128 ) (10240 5120 11776 ) (10240 6144 11776 ) (10240 6144 -128 ) 
4 14 16 (10240 6144 -128 ) (10240 6144 11776 ) (9216 6144 11776 ) (9216 6144 -128 ) 
4 14 15 (9216 7168 11776 ) (9216 7168 -128 ) (9216 6144 -128 ) (9216 6144 11776 ) 
4 15 52 (8192 6144 -128 ) (8192 6144 11776 ) (8192 7168 11776 ) (8192 7168 -128 ) 
4 15 17 (9216 6144 -128 ) (9216 6144 11776 ) (8192 6144 11776 ) (8192 6144 -128 ) 
4 16 32 (10240 5120 -128 ) (10240 5120 11776 ) (9216 5120 11776 ) (9216 5120 -128 ) 
4 16 17 (9216 6144 11776 ) (9216 6144 -128 ) (9216 5120 -128 ) (9216 5120 11776 ) 
4 17 54 (8192 5120 -128 ) (8192 5120 11776 ) (8192 6144 11776 ) (8192 6144 -128 ) 
4 17 33 (9216 5120 -128 ) (9216 5120 11776 ) (8192 5120 11776 ) (8192 5120 -128 ) 
4 18 20 (13948 4096 11776 ) (13312 4096 11776 ) (13312 4096 -128 ) (13948 4096 -128 ) 
4 18 19 (13312 5120 11776 ) (13312 5120 -128 ) (13312 4096 -128 ) (13312 4096 11776 ) 
4 19 28 (12288 5120 11776 ) (12288 5120 -128 ) (12288 4096 -128 ) (12288 4096 11776 ) 
4 19 21 (13312 4096 -128 ) (13312 4096 11776 ) (12288 4096 11776 ) (12288 4096 -128 ) 
4 20 22 (13948 3072 11776 ) (13312 3072 11776 ) (13312 3072 -128 ) (13948 3072 -128 ) 
4 20 21 (13312 4096 11776 ) (13312 4096 -128 ) (13312 3072 -128 ) (13312 3072 11776 ) 
4 21 30 (12288 3072 -128 ) (12288 3072 11776 ) (12288 4096 11776 ) (12288 4096 -128 ) 
4 21 23 (13312 3072 -128 ) (13312 3072 11776 ) (12288 3072 11776 ) (12288 3072 -128 ) 
4 22 24 (13948 2048 11776 ) (13312 2048 11776 ) (13312 2048 -128 ) (13948 2048 -128 ) 
4 22 23 (13312 3072 11776 ) (13312 3072 -128 ) (13312 2048 -128 ) (13312 2048 11776 ) 
4 23 36 (12288 2048 -128 ) (12288 2048 11776 ) (12288 3072 11776 ) (12288 3072 -128 ) 
4 23 25 (12288 2048 11776 ) (12288 2048 -128 ) (13312 2048 -128 ) (13312 2048 11776 ) 
4 24 26 (13948 1024 11776 ) (13312 1024 11776 ) (13312 1024 -128 ) (13948 1024 -128 ) 
4 24 25 (13312 2048 11776 ) (13312 2048 -128 ) (13312 1024 -128 ) (13312 1024 11776 ) 
4 25 38 (12288 1024 -128 ) (12288 1024 11776 ) (12288 2048 11776 ) (12288 2048 -128 ) 
4 25 27 (12288 1024 11776 ) (12288 1024 -128 ) (13312 1024 -128 ) (13312 1024 11776 ) 
4 26 112 (13948 0 11776 ) (13312 0 11776 ) (13312 0 -128 ) (13948 0 -128 ) 
4 26 27 (13312 1024 11776 ) (13312 1024 -128 ) (13312 0 -128 ) (13312 0 11776 ) 
4 27 113 (13312 0 -128 ) (13312 0 11776 ) (12288 0 11776 ) (12288 0 -128 ) 
4 27 40 (12288 0 -128 ) (12288 0 11776 ) (12288 1024 11776 ) (12288 1024 -128 ) 
4 28 30 (12288 4096 -128 ) (12288 4096 11776 ) (11264 4096 11776 ) (11264 4096 -128 ) 
4 28 29 (11264 5120 11776 ) (11264 5120 -128 ) (11264 4096 -128 ) (11264 4096 11776 ) 
4 29 32 (10240 5120 11776 ) (10240 5120 -128 ) (10240 4096 -128 ) (10240 4096 11776 ) 
4 29 31 (11264 4096 -128 ) (11264 4096 11776 ) (10240 4096 11776 ) (10240 4096 -128 ) 
4 30 36 (12288 3072 -128 ) (12288 3072 11776 ) (11264 3072 11776 ) (11264 3072 -128 ) 
4 30 31 (11264 4096 11776 ) (11264 4096 -128 ) (11264 3072 -128 ) (11264 3072 11776 ) 
4 31 37 (11264 3072 -128 ) (11264 3072 11776 ) (10240 3072 11776 ) (10240 3072 -128 ) 
4 31 34 (10240 3072 -128 ) (10240 3072 11776 ) (10240 4096 11776 ) (10240 4096 -128 ) 
4 32 34 (10240 4096 -128 ) (10240 4096 11776 ) (9216 4096 11776 ) (9216 4096 -128 ) 
4 32 33 (9216 5120 11776 ) (9216 5120 -128 ) (9216 4096 -128 ) (9216 4096 11776 ) 
4 33 72 (8192 4096 -128 ) (8192 4096 11776 ) (8192 5120 11776 ) (8192 5120 -128 ) 
4 33 35 (9216 4096 -128 ) (9216 4096 11776 ) (8192 4096 11776 ) (8192 4096 -128 ) 
4 34 42 (10240 3072 -128 ) (10240 3072 11776 ) (9216 3072 11776 ) (9216 3072 -128 ) 
4 34 35 (9216 4096 11776 ) (9216 4096 -128 ) (9216 3072 -128 ) (9216 3072 11776 ) 
4 35 74 (8192 3072 -128 ) (8192 3072 11776 ) (8192 4096 11776 ) (8192 4096 -128 ) 
4 35 43 (9216 3072 -128 ) (9216 3072 11776 ) (8192 3072 11776 ) (8192 3072 -128 ) 
4 36 38 (12288 2048 -128 ) (12288 2048 11776 ) (11264 2048 11776 ) (11264 2048 -128 ) 
4 36 37 (11264 3072 11776 ) (11264 3072 -128 ) (11264 2048 -128 ) (11264 2048 11776 ) 
4 37 42 (10240 3072 11776 ) (10240 3072 -128 ) (10240 2048 -128 ) (10240 2048 11776 ) 
4 37 39 (11264 2048 -128 ) (11264 2048 11776 ) (10240 2048 11776 ) (10240 2048 -128 ) 
4 38 40 (12288 1024 -128 ) (12288 1024 11776 ) (11264 1024 11776 ) (11264 1024 -128 ) 
4 38 39 (11264 1024 -128 ) (11264 1024 11776 ) (11264 2048 11776 ) (11264 2048 -128 ) 
4 39 44 (10240 1024 -128 ) (10240 1024 11776 ) (10240 2048 11776 ) (10240 2048 -128 ) 
4 39 41 (10240 1024 11776 ) (10240 1024 -128 ) (11264 1024 -128 ) (11264 1024 11776 ) 
4 40 120 (12288 0 -128 ) (12288 0 11776 ) (11264 0 11776 ) (11264 0 -128 ) 
4 40 41 (11264 1024 11776 ) (11264 1024 -128 ) (11264 0 -128 ) (11264 0 11776 ) 
4 41 121 (11264 0 -128 ) (11264 0 11776 ) (10240 0 11776 ) (10240 0 -128 ) 
4 41 46 (10240 0 -128 ) (10240 0 11776 ) (10240 1024 11776 ) (10240 1024 -128 ) 
4 42 44 (10240 2048 -128 ) (10240 2048 11776 ) (9216 2048 11776 ) (9216 2048 -128 ) 
4 42 43 (9216 3072 11776 ) (9216 3072 -128 ) (9216 2048 -128 ) (9216 2048 11776 ) 
4 43 80 (8192 2048 -128 ) (8192 2048 11776 ) (8192 3072 11776 ) (8192 3072 -128 ) 
4 43 45 (9216 2048 -128 ) (9216 2048 11776 ) (8192 2048 11776 ) (8192 2048 -128 ) 
4 44 46 (10240 1024 -128 ) (10240 1024 11776 ) (9216 1024 11776 ) (9216 1024 -128 ) 
4 44 45 (9216 1024 -128 ) (9216 1024 11776 ) (9216 2048 11776 ) (9216 2048 -128 ) 
4 45 82 (8192 1024 -128 ) (8192 1024 11776 ) (8192 2048 11776 ) (8192 2048 -128 ) 
4 45 47 (8192 1024 11776 ) (8192 1024 -128 ) (9216 1024 -128 ) (9216 1024 11776 ) 
4 46 124 (10240 0 -128 ) (10240 0 11776 ) (9216 0 11776 ) (9216 0 -128 ) 
4 46 47 (9216 1024 11776 ) (9216 1024 -128 ) (9216 0 -128 ) (9216 0 11776 ) 
4 47 125 (9216 0 -128 ) (9216 0 11776 ) (8192 0 11776 ) (8192 0 -128 ) 
4 47 84 (8192 0 -128 ) (8192 0 11776 ) (8192 1024 11776 ) (8192 1024 -128 ) 
4 48 52 (8192 7168 -128 ) (8192 7168 11776 ) (7168 7168 11776 ) (7168 7168 -128 ) 
4 48 49 (7168 7168 -128 ) (7168 7168 11776 ) (7168 7863.130371 11776 ) (7168 7863.130371 -128 ) 
4 49 53 (7168 7168 -128 ) (7168 7168 11776 ) (6144 7168 11776 ) (6144 7168 -128 ) 
4 49 50 (6144 7168 -128 ) (6144 7168 11776 ) (6144 7863.130371 11776 ) (6144 7863.130371 -128 ) 
4 50 56 (6144 7168 -128 ) (6144 7168 11776 ) (5120 7168 11776 ) (5120 7168 -128 ) 
4 50 51 (5120 7168 -128 ) (5120 7168 11776 ) (5120 7863.130371 11776 ) (5120 7863.130371 -128 ) 
4 51 60 (4096 7168 -128 ) (4096 7168 11776 ) (4096 7863.130371 11776 ) (4096 7863.130371 -128 ) 
4 51 57 (5120 7168 -128 ) (5120 7168 11776 ) (4096 7168 11776 ) (4096 7168 -128 ) 
4 52 54 (8192 6144 -128 ) (8192 6144 11776 ) (7168 6144 11776 ) (7168 6144 -128 ) 
4 52 53 (7168 7168 11776 ) (7168 7168 -128 ) (7168 6144 -128 ) (7168 6144 11776 ) 
4 53 56 (6144 7168 11776 ) (6144 7168 -128 ) (6144 6144 -128 ) (6144 6144 11776 ) 
4 53 55 (7168 6144 -128 ) (7168 6144 11776 ) (6144 6144 11776 ) (6144 6144 -128 ) 
4 54 72 (8192 5120 -128 ) (8192 5120 11776 ) (7168 5120 11776 ) (7168 5120 -128 ) 
4 54 55 (7168 6144 11776 ) (7168 6144 -128 ) (7168 5120 -128 ) (7168 5120 11776 ) 
4 55 73 (7168 5120 -128 ) (7168 5120 11776 ) (6144 5120 11776 ) (6144 5120 -128 ) 
4 55 58 (6144 5120 -128 ) (6144 5120 11776 ) (6144 6144 11776 ) (6144 6144 -128 ) 
4 56 58 (6144 6144 -128 ) (6144 6144 11776 ) (5120 6144 11776 ) (5120 6144 -128 ) 
4 56 57 (5120 7168 11776 ) (5120 7168 -128 ) (5120 6144 -128 ) (5120 6144 11776 ) 
4 57 64 (4096 6144 -128 ) (4096 6144 11776 ) (4096 7168 11776 ) (4096 7168 -128 ) 
4 57 59 (5120 6144 -128 ) (5120 6144 11776 ) (4096 6144 11776 ) (4096 6144 -128 ) 
4 58 76 (6144 5120 -128 ) (6144 5120 11776 ) (5120 5120 11776 ) (5120 5120 -128 ) 
4 58 59 (5120 6144 11776 ) (5120 6144 -128 ) (5120 5120 -128 ) (5120 5120 11776 ) 
4 59 77 (5120 5120 -128 ) (5120 5120 11776 ) (4096 5120 11776 ) (4096 5120 -128 ) 
4 59 66 (4096 5120 -128 ) (4096 5120 11776 ) (4096 6144 11776 ) (4096 6144 -128 ) 
4 60 64 (4096 7168 -128 ) (4096 7168 11776 ) (3072 7168 11776 ) (3072 7168 -128 ) 
4 60 61 (3072 7168 -128 ) (3072 7168 11776 ) (3072 7863.130371 11776 ) (3072 7863.130371 -128 ) 
4 61 65 (3072 7168 -128 ) (3072 7168 11776 ) (2048 7168 11776 ) (2048 7168 -128 ) 
4 61 62 (2048 7168 -128 ) (2048 7168 11776 ) (2048 7863.130371 11776 ) (2048 7863.130371 -128 ) 
4 62 68 (2048 7168 -128 ) (2048 7168 11776 ) (1024 7168 11776 ) (1024 7168 -128 ) 
4 62 63 (1024 7168 -128 ) (1024 7168 11776 ) (1024 7863.130371 11776 ) (1024 7863.130371 -128 ) 
4 63 224 (0 7168 -128 ) (0 7168 11776 ) (0 7863.130371 11776 ) (0 7863.130371 -128 ) 
4 63 69 (1024 7168 -128 ) (1024 7168 11776 ) (0 7168 11776 ) (0 7168 -128 ) 
4 64 66 (4096 6144 -128 ) (4096 6144 11776 ) (3072 6144 11776 ) (3072 6144 -128 ) 
4 64 65 (3072 7168 11776 ) (3072 7168 -128 ) (3072 6144 -128 ) (3072 6144 11776 ) 
4 65 68 (2048 7168 11776 ) (2048 7168 -128 ) (2048 6144 -128 ) (2048 6144 11776 ) 
4 65 67 (3072 6144 -128 ) (3072 6144 11776 ) (2048 6144 11776 ) (2048 6144 -128 ) 
4 66 92 (4096 5120 -128 ) (4096 5120 11776 ) (3072 5120 11776 ) (3072 5120 -128 ) 
4 66 67 (3072 6144 11776 ) (3072 6144 -128 ) (3072 5120 -128 ) (3072 5120 11776 ) 
4 67 93 (3072 5120 -128 ) (3072 5120 11776 ) (2048 5120 11776 ) (2048 5120 -128 ) 
4 67 70 (2048 5120 -128 ) (2048 5120 11776 ) (2048 6144 11776 ) (2048 6144 -128 ) 
4 68 70 (2048 6144 -128 ) (2048 6144 11776 ) (1024 6144 11776 ) (1024 6144 -128 ) 
4 68 69 (1024 7168 11776 ) (1024 7168 -128 ) (1024 6144 -128 ) (1024 6144 11776 ) 
4 69 227 (0 6144 -128 ) (0 6144 11776 ) (0 7168 11776 ) (0 7168 -128 ) 
4 69 71 (1024 6144 -128 ) (1024 6144 11776 ) (0 6144 11776 ) (0 6144 -128 ) 
4 70 96 (2048 5120 -128 ) (2048 5120 11776 ) (1024 5120 11776 ) (1024 5120 -128 ) 
4 70 71 (1024 6144 11776 ) (1024 6144 -128 ) (1024 5120 -128 ) (1024 5120 11776 ) 
4 71 228 (0 5120 -128 ) (0 5120 11776 ) (0 6144 11776 ) (0 6144 -128 ) 
4 71 97 (1024 5120 -128 ) (1024 5120 11776 ) (0 5120 11776 ) (0 5120 -128 ) 
4 72 74 (8192 4096 -128 ) (8192 4096 11776 ) (7168 4096 11776 ) (7168 4096 -128 ) 
4 72 73 (7168 5120 11776 ) (7168 5120 -128 ) (7168 4096 -128 ) (7168 4096 11776 ) 
4 73 76 (6144 5120 11776 ) (6144 5120 -128 ) (6144 4096 -128 ) (6144 4096 11776 ) 
4 73 75 (7168 4096 -128 ) (7168 4096 11776 ) (6144 4096 11776 ) (6144 4096 -128 ) 
4 74 80 (8192 3072 -128 ) (8192 3072 11776 ) (7168 3072 11776 ) (7168 3072 -128 ) 
4 74 75 (7168 4096 11776 ) (7168 4096 -128 ) (7168 3072 -128 ) (7168 3072 11776 ) 
4 75 81 (7168 3072 -128 ) (7168 3072 11776 ) (6144 3072 11776 ) (6144 3072 -128 ) 
4 75 78 (6144 3072 -128 ) (6144 3072 11776 ) (6144 4096 11776 ) (6144 4096 -128 ) 
4 76 78 (6144 4096 -128 ) (6144 4096 11776 ) (5120 4096 11776 ) (5120 4096 -128 ) 
4 76 77 (5120 5120 11776 ) (5120 5120 -128 ) (5120 4096 -128 ) (5120 4096 11776 ) 
4 77 92 (4096 5120 11776 ) (4096 5120 -128 ) (4096 4096 -128 ) (4096 4096 11776 ) 
4 77 79 (5120 4096 -128 ) (5120 4096 11776 ) (4096 4096 11776 ) (4096 4096 -128 ) 
4 78 86 (6144 3072 -128 ) (6144 3072 11776 ) (5120 3072 11776 ) (5120 3072 -128 ) 
4 78 79 (5120 4096 11776 ) (5120 4096 -128 ) (5120 3072 -128 ) (5120 3072 11776 ) 
4 79 94 (4096 3072 -128 ) (4096 3072 11776 ) (4096 4096 11776 ) (4096 4096 -128 ) 
4 79 87 (5120 3072 -128 ) (5120 3072 11776 ) (4096 3072 11776 ) (4096 3072 -128 ) 
4 80 82 (8192 2048 -128 ) (8192 2048 11776 ) (7168 2048 11776 ) (7168 2048 -128 ) 
4 80 81 (7168 3072 11776 ) (7168 3072 -128 ) (7168 2048 -128 ) (7168 2048 11776 ) 
4 81 86 (6144 3072 11776 ) (6144 3072 -128 ) (6144 2048 -128 ) (6144 2048 11776 ) 
4 81 83 (7168 2048 -128 ) (7168 2048 11776 ) (6144 2048 11776 ) (6144 2048 -128 ) 
4 82 84 (8192 1024 -128 ) (8192 1024 11776 ) (7168 1024 11776 ) (7168 1024 -128 ) 
4 82 83 (7168 1024 -128 ) (7168 1024 11776 ) (7168 2048 11776 ) (7168 2048 -128 ) 
4 83 88 (6144 1024 -128 ) (6144 1024 11776 ) (6144 2048 11776 ) (6144 2048 -128 ) 
4 83 85 (6144 1024 11776 ) (6144 1024 -128 ) (7168 1024 -128 ) (7168 1024 11776 ) 
4 84 160 (8192 0 -128 ) (8192 0 11776 ) (7168 0 11776 ) (7168 0 -128 ) 
4 84 85 (7168 1024 11776 ) (7168 1024 -128 ) (7168 0 -128 ) (7168 0 11776 ) 
4 85 161 (7168 0 -128 ) (7168 0 11776 ) (6144 0 11776 ) (6144 0 -128 ) 
4 85 90 (6144 0 -128 ) (6144 0 11776 ) (6144 1024 11776 ) (6144 1024 -128 ) 
4 86 88 (6144 2048 -128 ) (6144 2048 11776 ) (5120 2048 11776 ) (5120 2048 -128 ) 
4 86 87 (5120 3072 11776 ) (5120 3072 -128 ) (5120 2048 -128 ) (5120 2048 11776 ) 
4 87 100 (4096 2048 -128 ) (4096 2048 11776 ) (4096 3072 11776 ) (4096 3072 -128 ) 
4 87 89 (5120 2048 -128 ) (5120 2048 11776 ) (4096 2048 11776 ) (4096 2048 -128 ) 
4 88 90 (6144 1024 -128 ) (6144 1024 11776 ) (5120 1024 11776 ) (5120 1024 -128 ) 
4 88 89 (5120 1024 -128 ) (5120 1024 11776 ) (5120 2048 11776 ) (5120 2048 -128 ) 
4 89 102 (4096 1024 -128 ) (4096 1024 11776 ) (4096 2048 11776 ) (4096 2048 -128 ) 
4 89 91 (4096 1024 11776 ) (4096 1024 -128 ) (5120 1024 -128 ) (5120 1024 11776 ) 
4 90 164 (6144 0 -128 ) (6144 0 11776 ) (5120 0 11776 ) (5120 0 -128 ) 
4 90 91 (5120 1024 11776 ) (5120 1024 -128 ) (5120 0 -128 ) (5120 0 11776 ) 
4 91 165 (5120 0 -128 ) (5120 0 11776 ) (4096 0 11776 ) (4096 0 -128 ) 
4 91 104 (4096 0 -128 ) (4096 0 11776 ) (4096 1024 11776 ) (4096 1024 -128 ) 
4 92 94 (4096 4096 -128 ) (4096 4096 11776 ) (3072 4096 11776 ) (3072 4096 -128 ) 
4 92 93 (3072 5120 11776 ) (3072 5120 -128 ) (3072 4096 -128 ) (3072 4096 11776 ) 
4 93 96 (2048 5120 11776 ) (2048 5120 -128 ) (2048 4096 -128 ) (2048 4096 11776 ) 
4 93 95 (3072 4096 -128 ) (3072 4096 11776 ) (2048 4096 11776 ) (2048 4096 -128 ) 
4 94 100 (4096 3072 -128 ) (4096 3072 11776 ) (3072 3072 11776 ) (3072 3072 -128 ) 
4 94 95 (3072 4096 11776 ) (3072 4096 -128 ) (3072 3072 -128 ) (3072 3072 11776 ) 
4 95 101 (3072 3072 -128 ) (3072 3072 11776 ) (2048 3072 11776 ) (2048 3072 -128 ) 
4 95 98 (2048 3072 -128 ) (2048 3072 11776 ) (2048 4096 11776 ) (2048 4096 -128 ) 
4 96 98 (2048 4096 -128 ) (2048 4096 11776 ) (1024 4096 11776 ) (1024 4096 -128 ) 
4 96 97 (1024 5120 11776 ) (1024 5120 -128 ) (1024 4096 -128 ) (1024 4096 11776 ) 
4 97 245 (0 4096 -128 ) (0 4096 11776 ) (0 5120 11776 ) (0 5120 -128 ) 
4 97 99 (1024 4096 -128 ) (1024 4096 11776 ) (0 4096 11776 ) (0 4096 -128 ) 
4 98 106 (2048 3072 -128 ) (2048 3072 11776 ) (1024 3072 11776 ) (1024 3072 -128 ) 
4 98 99 (1024 4096 11776 ) (1024 4096 -128 ) (1024 3072 -128 ) (1024 3072 11776 ) 
4 99 246 (0 3072 -128 ) (0 3072 11776 ) (0 4096 11776 ) (0 4096 -128 ) 
4 99 107 (1024 3072 -128 ) (1024 3072 11776 ) (0 3072 11776 ) (0 3072 -128 ) 
4 100 102 (4096 2048 -128 ) (4096 2048 11776 ) (3072 2048 11776 ) (3072 2048 -128 ) 
4 100 101 (3072 3072 11776 ) (3072 3072 -128 ) (3072 2048 -128 ) (3072 2048 11776 ) 
4 101 106 (2048 3072 11776 ) (2048 3072 -128 ) (2048 2048 -128 ) (2048 2048 11776 ) 
4 101 103 (3072 2048 -128 ) (3072 2048 11776 ) (2048 2048 11776 ) (2048 2048 -128 ) 
4 102 104 (4096 1024 -128 ) (4096 1024 11776 ) (3072 1024 11776 ) (3072 1024 -128 ) 
4 102 103 (3072 1024 -128 ) (3072 1024 11776 ) (3072 2048 11776 ) (3072 2048 -128 ) 
4 103 108 (2048 1024 -128 ) (2048 1024 11776 ) (2048 2048 11776 ) (2048 2048 -128 ) 
4 103 105 (2048 1024 11776 ) (2048 1024 -128 ) (3072 1024 -128 ) (3072 1024 11776 ) 
4 104 176 (4096 0 -128 ) (4096 0 11776 ) (3072 0 11776 ) (3072 0 -128 ) 
4 104 105 (3072 1024 11776 ) (3072 1024 -128 ) (3072 0 -128 ) (3072 0 11776 ) 
4 105 177 (3072 0 -128 ) (3072 0 11776 ) (2048 0 11776 ) (2048 0 -128 ) 
4 105 110 (2048 0 -128 ) (2048 0 11776 ) (2048 1024 11776 ) (2048 1024 -128 ) 
4 106 108 (2048 2048 -128 ) (2048 2048 11776 ) (1024 2048 11776 ) (1024 2048 -128 ) 
4 106 107 (1024 3072 11776 ) (1024 3072 -128 ) (1024 2048 -128 ) (1024 2048 11776 ) 
4 107 251 (0 2048 -128 ) (0 2048 11776 ) (0 3072 11776 ) (0 3072 -128 ) 
4 107 109 (1024 2048 -128 ) (1024 2048 11776 ) (0 2048 11776 ) (0 2048 -128 ) 
4 108 110 (2048 1024 -128 ) (2048 1024 11776 ) (1024 1024 11776 ) (1024 1024 -128 ) 
4 108 109 (1024 1024 -128 ) (1024 1024 11776 ) (1024 2048 11776 ) (1024 2048 -128 ) 
4 109 254 (0 1024 -128 ) (0 1024 11776 ) (0 2048 11776 ) (0 2048 -128 ) 
4 109 111 (0 1024 11776 ) (0 1024 -128 ) (1024 1024 -128 ) (1024 1024 11776 ) 
4 110 180 (2048 0 -128 ) (2048 0 11776 ) (1024 0 11776 ) (1024 0 -128 ) 
4 110 111 (1024 1024 11776 ) (1024 1024 -128 ) (1024 0 -128 ) (1024 0 11776 ) 
4 111 255 (0 0 -128 ) (0 0 11776 ) (0 1024 11776 ) (0 1024 -128 ) 
4 111 181 (1024 0 -128 ) (1024 0 11776 ) (0 0 11776 ) (0 0 -128 ) 
4 112 114 (13948 -1024 11776 ) (13312 -1024 11776 ) (13312 -1024 -128 ) (13948 -1024 -128 ) 
4 112 113 (13312 0 11776 ) (13312 0 -128 ) (13312 -1024 -128 ) (13312 -1024 11776 ) 
4 113 120 (12288 0 11776 ) (12288 0 -128 ) (12288 -1024 -128 ) (12288 -1024 11776 ) 
4 113 115 (13312 -1024 -128 ) (13312 -1024 11776 ) (12288 -1024 11776 ) (12288 -1024 -128 ) 
4 114 116 (13948 -2048 11776 ) (13312 -2048 11776 ) (13312 -2048 -128 ) (13948 -2048 -128 ) 
4 114 115 (13312 -1024 11776 ) (13312 -1024 -128 ) (13312 -2048 -128 ) (13312 -2048 11776 ) 
4 115 122 (12288 -2048 -128 ) (12288 -2048 11776 ) (12288 -1024 11776 ) (12288 -1024 -128 ) 
4 115 117 (13312 -2048 -128 ) (13312 -2048 11776 ) (12288 -2048 11776 ) (12288 -2048 -128 ) 
4 116 118 (13948 -3072 11776 ) (13312 -3072 11776 ) (13312 -3072 -128 ) (13948 -3072 -128 ) 
4 116 117 (13312 -2048 11776 ) (13312 -2048 -128 ) (13312 -3072 -128 ) (13312 -3072 11776 ) 
4 117 128 (12288 -3072 -128 ) (12288 -3072 11776 ) (12288 -2048 11776 ) (12288 -2048 -128 ) 
4 117 119 (13312 -3072 -128 ) (13312 -3072 11776 ) (12288 -3072 11776 ) (12288 -3072 -128 ) 
4 118 136 (13948 -4096 11776 ) (13312 -4096 11776 ) (13312 -4096 -128 ) (13948 -4096 -128 ) 
4 118 119 (13312 -3072 11776 ) (13312 -3072 -128 ) (13312 -4096 -128 ) (13312 -4096 11776 ) 
4 119 137 (13312 -4096 -128 ) (13312 -4096 11776 ) (12288 -4096 11776 ) (12288 -4096 -128 ) 
4 119 130 (12288 -4096 -128 ) (12288 -4096 11776 ) (12288 -3072 11776 ) (12288 -3072 -128 ) 
4 120 122 (12288 -1024 -128 ) (12288 -1024 11776 ) (11264 -1024 11776 ) (11264 -1024 -128 ) 
4 120 121 (11264 0 11776 ) (11264 0 -128 ) (11264 -1024 -128 ) (11264 -1024 11776 ) 
4 121 124 (10240 0 11776 ) (10240 0 -128 ) (10240 -1024 -128 ) (10240 -1024 11776 ) 
4 121 123 (11264 -1024 -128 ) (11264 -1024 11776 ) (10240 -1024 11776 ) (10240 -1024 -128 ) 
4 122 128 (12288 -2048 -128 ) (12288 -2048 11776 ) (11264 -2048 11776 ) (11264 -2048 -128 ) 
4 122 123 (11264 -1024 11776 ) (11264 -1024 -128 ) (11264 -2048 -128 ) (11264 -2048 11776 ) 
4 123 129 (11264 -2048 -128 ) (11264 -2048 11776 ) (10240 -2048 11776 ) (10240 -2048 -128 ) 
4 123 126 (10240 -2048 -128 ) (10240 -2048 11776 ) (10240 -1024 11776 ) (10240 -1024 -128 ) 
4 124 126 (10240 -1024 -128 ) (10240 -1024 11776 ) (9216 -1024 11776 ) (9216 -1024 -128 ) 
4 124 125 (9216 0 11776 ) (9216 0 -128 ) (9216 -1024 -128 ) (9216 -1024 11776 ) 
4 125 160 (8192 0 11776 ) (8192 0 -128 ) (8192 -1024 -128 ) (8192 -1024 11776 ) 
4 125 127 (9216 -1024 -128 ) (9216 -1024 11776 ) (8192 -1024 11776 ) (8192 -1024 -128 ) 
4 126 132 (10240 -2048 -128 ) (10240 -2048 11776 ) (9216 -2048 11776 ) (9216 -2048 -128 ) 
4 126 127 (9216 -1024 11776 ) (9216 -1024 -128 ) (9216 -2048 -128 ) (9216 -2048 11776 ) 
4 127 162 (8192 -2048 -128 ) (8192 -2048 11776 ) (8192 -1024 11776 ) (8192 -1024 -128 ) 
4 127 133 (9216 -2048 -128 ) (9216 -2048 11776 ) (8192 -2048 11776 ) (8192 -2048 -128 ) 
4 128 130 (12288 -3072 -128 ) (12288 -3072 11776 ) (11264 -3072 11776 ) (11264 -3072 -128 ) 
4 128 129 (11264 -2048 11776 ) (11264 -2048 -128 ) (11264 -3072 -128 ) (11264 -3072 11776 ) 
4 129 132 (10240 -2048 11776 ) (10240 -2048 -128 ) (10240 -3072 -128 ) (10240 -3072 11776 ) 
4 129 131 (11264 -3072 -128 ) (11264 -3072 11776 ) (10240 -3072 11776 ) (10240 -3072 -128 ) 
4 130 144 (12288 -4096 -128 ) (12288 -4096 11776 ) (11264 -4096 11776 ) (11264 -4096 -128 ) 
4 130 131 (11264 -3072 11776 ) (11264 -3072 -128 ) (11264 -4096 -128 ) (11264 -4096 11776 ) 
4 131 145 (11264 -4096 -128 ) (11264 -4096 11776 ) (10240 -4096 11776 ) (10240 -4096 -128 ) 
4 131 134 (10240 -4096 -128 ) (10240 -4096 11776 ) (10240 -3072 11776 ) (10240 -3072 -128 ) 
4 132 134 (10240 -3072 -128 ) (10240 -3072 11776 ) (9216 -3072 11776 ) (9216 -3072 -128 ) 
4 132 133 (9216 -2048 11776 ) (9216 -2048 -128 ) (9216 -3072 -128 ) (9216 -3072 11776 ) 
4 133 168 (8192 -3072 -128 ) (8192 -3072 11776 ) (8192 -2048 11776 ) (8192 -2048 -128 ) 
4 133 135 (9216 -3072 -128 ) (9216 -3072 11776 ) (8192 -3072 11776 ) (8192 -3072 -128 ) 
4 134 148 (10240 -4096 -128 ) (10240 -4096 11776 ) (9216 -4096 11776 ) (9216 -4096 -128 ) 
4 134 135 (9216 -3072 11776 ) (9216 -3072 -128 ) (9216 -4096 -128 ) (9216 -4096 11776 ) 
4 135 170 (8192 -4096 -128 ) (8192 -4096 11776 ) (8192 -3072 11776 ) (8192 -3072 -128 ) 
4 135 149 (9216 -4096 -128 ) (9216 -4096 11776 ) (8192 -4096 11776 ) (8192 -4096 -128 ) 
4 136 138 (13948 -5120 11776 ) (13312 -5120 11776 ) (13312 -5120 -128 ) (13948 -5120 -128 ) 
4 136 137 (13312 -4096 11776 ) (13312 -4096 -128 ) (13312 -5120 -128 ) (13312 -5120 11776 ) 
4 137 144 (12288 -4096 11776 ) (12288 -4096 -128 ) (12288 -5120 -128 ) (12288 -5120 11776 ) 
4 137 139 (13312 -5120 -128 ) (13312 -5120 11776 ) (12288 -5120 11776 ) (12288 -5120 -128 ) 
4 138 140 (13948 -6144 11776 ) (13312 -6144 11776 ) (13312 -6144 -128 ) (13948 -6144 -128 ) 
4 138 139 (13312 -5120 11776 ) (13312 -5120 -128 ) (13312 -6144 -128 ) (13312 -6144 11776 ) 
4 139 146 (12288 -6144 -128 ) (12288 -6144 11776 ) (12288 -5120 11776 ) (12288 -5120 -128 ) 
4 139 141 (13312 -6144 -128 ) (13312 -6144 11776 ) (12288 -6144 11776 ) (12288 -6144 -128 ) 
4 140 142 (13948 -7168 11776 ) (13312 -7168 11776 ) (13312 -7168 -128 ) (13948 -7168 -128 ) 
4 140 141 (13312 -6144 11776 ) (13312 -6144 -128 ) (13312 -7168 -128 ) (13312 -7168 11776 ) 
4 141 152 (12288 -7168 -128 ) (12288 -7168 11776 ) (12288 -6144 11776 ) (12288 -6144 -128 ) 
4 141 143 (12288 -7168 11776 ) (12288 -7168 -128 ) (13312 -7168 -128 ) (13312 -7168 11776 ) 
4 142 143 (13312 -7168 11776 ) (13312 -7168 -128 ) (13312 -7927.130371 -128 ) (13312 -7927.130371 11776 ) 
4 143 154 (12288 -7927.130371 11776 ) (12288 -7168 11776 ) (12288 -7168 -128 ) (12288 -7927.130371 -128 ) 
4 144 146 (12288 -5120 -128 ) (12288 -5120 11776 ) (11264 -5120 11776 ) (11264 -5120 -128 ) 
4 144 145 (11264 -4096 11776 ) (11264 -4096 -128 ) (11264 -5120 -128 ) (11264 -5120 11776 ) 
4 145 148 (10240 -4096 11776 ) (10240 -4096 -128 ) (10240 -5120 -128 ) (10240 -5120 11776 ) 
4 145 147 (11264 -5120 -128 ) (11264 -5120 11776 ) (10240 -5120 11776 ) (10240 -5120 -128 ) 
4 146 152 (12288 -6144 -128 ) (12288 -6144 11776 ) (11264 -6144 11776 ) (11264 -6144 -128 ) 
4 146 147 (11264 -5120 11776 ) (11264 -5120 -128 ) (11264 -6144 -128 ) (11264 -6144 11776 ) 
4 147 153 (11264 -6144 -128 ) (11264 -6144 11776 ) (10240 -6144 11776 ) (10240 -6144 -128 ) 
4 147 150 (10240 -6144 -128 ) (10240 -6144 11776 ) (10240 -5120 11776 ) (10240 -5120 -128 ) 
4 148 150 (10240 -5120 -128 ) (10240 -5120 11776 ) (9216 -5120 11776 ) (9216 -5120 -128 ) 
4 148 149 (9216 -4096 11776 ) (9216 -4096 -128 ) (9216 -5120 -128 ) (9216 -5120 11776 ) 
4 149 192 (8192 -5120 -128 ) (8192 -5120 11776 ) (8192 -4096 11776 ) (8192 -4096 -128 ) 
4 149 151 (9216 -5120 -128 ) (9216 -5120 11776 ) (8192 -5120 11776 ) (8192 -5120 -128 ) 
4 150 156 (10240 -6144 -128 ) (10240 -6144 11776 ) (9216 -6144 11776 ) (9216 -6144 -128 ) 
4 150 151 (9216 -5120 11776 ) (9216 -5120 -128 ) (9216 -6144 -128 ) (9216 -6144 11776 ) 
4 151 194 (8192 -6144 -128 ) (8192 -6144 11776 ) (8192 -5120 11776 ) (8192 -5120 -128 ) 
4 151 157 (9216 -6144 -128 ) (9216 -6144 11776 ) (8192 -6144 11776 ) (8192 -6144 -128 ) 
4 152 154 (12288 -7168 -128 ) (12288 -7168 11776 ) (11264 -7168 11776 ) (11264 -7168 -128 ) 
4 152 153 (11264 -6144 11776 ) (11264 -6144 -128 ) (11264 -7168 -128 ) (11264 -7168 11776 ) 
4 153 156 (10240 -6144 11776 ) (10240 -6144 -128 ) (10240 -7168 -128 ) (10240 -7168 11776 ) 
4 153 155 (11264 -7168 -128 ) (11264 -7168 11776 ) (10240 -7168 11776 ) (10240 -7168 -128 ) 
4 154 155 (11264 -7927.130371 11776 ) (11264 -7168 11776 ) (11264 -7168 -128 ) (11264 -7927.130371 -128 ) 
4 155 158 (10240 -7927.130371 11776 ) (10240 -7168 11776 ) (10240 -7168 -128 ) (10240 -7927.130371 -128 ) 
4 156 158 (10240 -7168 -128 ) (10240 -7168 11776 ) (9216 -7168 11776 ) (9216 -7168 -128 ) 
4 156 157 (9216 -6144 11776 ) (9216 -6144 -128 ) (9216 -7168 -128 ) (9216 -7168 11776 ) 
4 157 200 (8192 -7168 -128 ) (8192 -7168 11776 ) (8192 -6144 11776 ) (8192 -6144 -128 ) 
4 157 159 (9216 -7168 -128 ) (9216 -7168 11776 ) (8192 -7168 11776 ) (8192 -7168 -128 ) 
4 158 159 (9216 -7927.130371 11776 ) (9216 -7168 11776 ) (9216 -7168 -128 ) (9216 -7927.130371 -128 ) 
4 159 202 (8192 -7927.130371 11776 ) (8192 -7168 11776 ) (8192 -7168 -128 ) (8192 -7927.130371 -128 ) 
4 160 162 (8192 -1024 -128 ) (8192 -1024 11776 ) (7168 -1024 11776 ) (7168 -1024 -128 ) 
4 160 161 (7168 0 11776 ) (7168 0 -128 ) (7168 -1024 -128 ) (7168 -1024 11776 ) 
4 161 164 (6144 0 11776 ) (6144 0 -128 ) (6144 -1024 -128 ) (6144 -1024 11776 ) 
4 161 163 (7168 -1024 -128 ) (7168 -1024 11776 ) (6144 -1024 11776 ) (6144 -1024 -128 ) 
4 162 168 (8192 -2048 -128 ) (8192 -2048 11776 ) (7168 -2048 11776 ) (7168 -2048 -128 ) 
4 162 163 (7168 -1024 11776 ) (7168 -1024 -128 ) (7168 -2048 -128 ) (7168 -2048 11776 ) 
4 163 169 (7168 -2048 -128 ) (7168 -2048 11776 ) (6144 -2048 11776 ) (6144 -2048 -128 ) 
4 163 166 (6144 -2048 -128 ) (6144 -2048 11776 ) (6144 -1024 11776 ) (6144 -1024 -128 ) 
4 164 166 (6144 -1024 -128 ) (6144 -1024 11776 ) (5120 -1024 11776 ) (5120 -1024 -128 ) 
4 164 165 (5120 0 11776 ) (5120 0 -128 ) (5120 -1024 -128 ) (5120 -1024 11776 ) 
4 165 176 (4096 0 11776 ) (4096 0 -128 ) (4096 -1024 -128 ) (4096 -1024 11776 ) 
4 165 167 (5120 -1024 -128 ) (5120 -1024 11776 ) (4096 -1024 11776 ) (4096 -1024 -128 ) 
4 166 172 (6144 -2048 -128 ) (6144 -2048 11776 ) (5120 -2048 11776 ) (5120 -2048 -128 ) 
4 166 167 (5120 -1024 11776 ) (5120 -1024 -128 ) (5120 -2048 -128 ) (5120 -2048 11776 ) 
4 167 178 (4096 -2048 -128 ) (4096 -2048 11776 ) (4096 -1024 11776 ) (4096 -1024 -128 ) 
4 167 173 (5120 -2048 -128 ) (5120 -2048 11776 ) (4096 -2048 11776 ) (4096 -2048 -128 ) 
4 168 170 (8192 -3072 -128 ) (8192 -3072 11776 ) (7168 -3072 11776 ) (7168 -3072 -128 ) 
4 168 169 (7168 -2048 11776 ) (7168 -2048 -128 ) (7168 -3072 -128 ) (7168 -3072 11776 ) 
4 169 172 (6144 -2048 11776 ) (6144 -2048 -128 ) (6144 -3072 -128 ) (6144 -3072 11776 ) 
4 169 171 (7168 -3072 -128 ) (7168 -3072 11776 ) (6144 -3072 11776 ) (6144 -3072 -128 ) 
4 170 192 (8192 -4096 -128 ) (8192 -4096 11776 ) (7168 -4096 11776 ) (7168 -4096 -128 ) 
4 170 171 (7168 -3072 11776 ) (7168 -3072 -128 ) (7168 -4096 -128 ) (7168 -4096 11776 ) 
4 171 193 (7168 -4096 -128 ) (7168 -4096 11776 ) (6144 -4096 11776 ) (6144 -4096 -128 ) 
4 171 174 (6144 -4096 -128 ) (6144 -4096 11776 ) (6144 -3072 11776 ) (6144 -3072 -128 ) 
4 172 174 (6144 -3072 -128 ) (6144 -3072 11776 ) (5120 -3072 11776 ) (5120 -3072 -128 ) 
4 172 173 (5120 -2048 11776 ) (5120 -2048 -128 ) (5120 -3072 -128 ) (5120 -3072 11776 ) 
4 173 184 (4096 -3072 -128 ) (4096 -3072 11776 ) (4096 -2048 11776 ) (4096 -2048 -128 ) 
4 173 175 (5120 -3072 -128 ) (5120 -3072 11776 ) (4096 -3072 11776 ) (4096 -3072 -128 ) 
4 174 196 (6144 -4096 -128 ) (6144 -4096 11776 ) (5120 -4096 11776 ) (5120 -4096 -128 ) 
4 174 175 (5120 -3072 11776 ) (5120 -3072 -128 ) (5120 -4096 -128 ) (5120 -4096 11776 ) 
4 175 197 (5120 -4096 -128 ) (5120 -4096 11776 ) (4096 -4096 11776 ) (4096 -4096 -128 ) 
4 175 186 (4096 -4096 -128 ) (4096 -4096 11776 ) (4096 -3072 11776 ) (4096 -3072 -128 ) 
4 176 178 (4096 -1024 -128 ) (4096 -1024 11776 ) (3072 -1024 11776 ) (3072 -1024 -128 ) 
4 176 177 (3072 0 11776 ) (3072 0 -128 ) (3072 -1024 -128 ) (3072 -1024 11776 ) 
4 177 180 (2048 0 11776 ) (2048 0 -128 ) (2048 -1024 -128 ) (2048 -1024 11776 ) 
4 177 179 (3072 -1024 -128 ) (3072 -1024 11776 ) (2048 -1024 11776 ) (2048 -1024 -128 ) 
4 178 184 (4096 -2048 -128 ) (4096 -2048 11776 ) (3072 -2048 11776 ) (3072 -2048 -128 ) 
4 178 179 (3072 -1024 11776 ) (3072 -1024 -128 ) (3072 -2048 -128 ) (3072 -2048 11776 ) 
4 179 185 (3072 -2048 -128 ) (3072 -2048 11776 ) (2048 -2048 11776 ) (2048 -2048 -128 ) 
4 179 182 (2048 -2048 -128 ) (2048 -2048 11776 ) (2048 -1024 11776 ) (2048 -1024 -128 ) 
4 180 182 (2048 -1024 -128 ) (2048 -1024 11776 ) (1024 -1024 11776 ) (1024 -1024 -128 ) 
4 180 181 (1024 0 11776 ) (1024 0 -128 ) (1024 -1024 -128 ) (1024 -1024 11776 ) 
4 181 336 (0 -1024 -128 ) (0 -1024 11776 ) (0 0 11776 ) (0 0 -128 ) 
4 181 183 (1024 -1024 -128 ) (1024 -1024 11776 ) (0 -1024 11776 ) (0 -1024 -128 ) 
4 182 188 (2048 -2048 -128 ) (2048 -2048 11776 ) (1024 -2048 11776 ) (1024 -2048 -128 ) 
4 182 183 (1024 -1024 11776 ) (1024 -1024 -128 ) (1024 -2048 -128 ) (1024 -2048 11776 ) 
4 183 337 (0 -2048 -128 ) (0 -2048 11776 ) (0 -1024 11776 ) (0 -1024 -128 ) 
4 183 189 (1024 -2048 -128 ) (1024 -2048 11776 ) (0 -2048 11776 ) (0 -2048 -128 ) 
4 184 186 (4096 -3072 -128 ) (4096 -3072 11776 ) (3072 -3072 11776 ) (3072 -3072 -128 ) 
4 184 185 (3072 -2048 11776 ) (3072 -2048 -128 ) (3072 -3072 -128 ) (3072 -3072 11776 ) 
4 185 188 (2048 -2048 11776 ) (2048 -2048 -128 ) (2048 -3072 -128 ) (2048 -3072 11776 ) 
4 185 187 (3072 -3072 -128 ) (3072 -3072 11776 ) (2048 -3072 11776 ) (2048 -3072 -128 ) 
4 186 208 (4096 -4096 -128 ) (4096 -4096 11776 ) (3072 -4096 11776 ) (3072 -4096 -128 ) 
4 186 187 (3072 -3072 11776 ) (3072 -3072 -128 ) (3072 -4096 -128 ) (3072 -4096 11776 ) 
4 187 209 (3072 -4096 -128 ) (3072 -4096 11776 ) (2048 -4096 11776 ) (2048 -4096 -128 ) 
4 187 190 (2048 -4096 -128 ) (2048 -4096 11776 ) (2048 -3072 11776 ) (2048 -3072 -128 ) 
4 188 190 (2048 -3072 -128 ) (2048 -3072 11776 ) (1024 -3072 11776 ) (1024 -3072 -128 ) 
4 188 189 (1024 -2048 11776 ) (1024 -2048 -128 ) (1024 -3072 -128 ) (1024 -3072 11776 ) 
4 189 342 (0 -3072 -128 ) (0 -3072 11776 ) (0 -2048 11776 ) (0 -2048 -128 ) 
4 189 191 (1024 -3072 -128 ) (1024 -3072 11776 ) (0 -3072 11776 ) (0 -3072 -128 ) 
4 190 212 (2048 -4096 -128 ) (2048 -4096 11776 ) (1024 -4096 11776 ) (1024 -4096 -128 ) 
4 190 191 (1024 -3072 11776 ) (1024 -3072 -128 ) (1024 -4096 -128 ) (1024 -4096 11776 ) 
4 191 343 (0 -4096 -128 ) (0 -4096 11776 ) (0 -3072 11776 ) (0 -3072 -128 ) 
4 191 213 (1024 -4096 -128 ) (1024 -4096 11776 ) (0 -4096 11776 ) (0 -4096 -128 ) 
4 192 194 (8192 -5120 -128 ) (8192 -5120 11776 ) (7168 -5120 11776 ) (7168 -5120 -128 ) 
4 192 193 (7168 -4096 11776 ) (7168 -4096 -128 ) (7168 -5120 -128 ) (7168 -5120 11776 ) 
4 193 196 (6144 -4096 11776 ) (6144 -4096 -128 ) (6144 -5120 -128 ) (6144 -5120 11776 ) 
4 193 195 (7168 -5120 -128 ) (7168 -5120 11776 ) (6144 -5120 11776 ) (6144 -5120 -128 ) 
4 194 200 (8192 -6144 -128 ) (8192 -6144 11776 ) (7168 -6144 11776 ) (7168 -6144 -128 ) 
4 194 195 (7168 -5120 11776 ) (7168 -5120 -128 ) (7168 -6144 -128 ) (7168 -6144 11776 ) 
4 195 201 (7168 -6144 -128 ) (7168 -6144 11776 ) (6144 -6144 11776 ) (6144 -6144 -128 ) 
4 195 198 (6144 -6144 -128 ) (6144 -6144 11776 ) (6144 -5120 11776 ) (6144 -5120 -128 ) 
4 196 198 (6144 -5120 -128 ) (6144 -5120 11776 ) (5120 -5120 11776 ) (5120 -5120 -128 ) 
4 196 197 (5120 -4096 11776 ) (5120 -4096 -128 ) (5120 -5120 -128 ) (5120 -5120 11776 ) 
4 197 208 (4096 -4096 11776 ) (4096 -4096 -128 ) (4096 -5120 -128 ) (4096 -5120 11776 ) 
4 197 199 (5120 -5120 -128 ) (5120 -5120 11776 ) (4096 -5120 11776 ) (4096 -5120 -128 ) 
4 198 204 (6144 -6144 -128 ) (6144 -6144 11776 ) (5120 -6144 11776 ) (5120 -6144 -128 ) 
4 198 199 (5120 -5120 11776 ) (5120 -5120 -128 ) (5120 -6144 -128 ) (5120 -6144 11776 ) 
4 199 210 (4096 -6144 -128 ) (4096 -6144 11776 ) (4096 -5120 11776 ) (4096 -5120 -128 ) 
4 199 205 (5120 -6144 -128 ) (5120 -6144 11776 ) (4096 -6144 11776 ) (4096 -6144 -128 ) 
4 200 202 (8192 -7168 -128 ) (8192 -7168 11776 ) (7168 -7168 11776 ) (7168 -7168 -128 ) 
4 200 201 (7168 -6144 11776 ) (7168 -6144 -128 ) (7168 -7168 -128 ) (7168 -7168 11776 ) 
4 201 204 (6144 -6144 11776 ) (6144 -6144 -128 ) (6144 -7168 -128 ) (6144 -7168 11776 ) 
4 201 203 (7168 -7168 -128 ) (7168 -7168 11776 ) (6144 -7168 11776 ) (6144 -7168 -128 ) 
4 202 203 (7168 -7927.130371 11776 ) (7168 -7168 11776 ) (7168 -7168 -128 ) (7168 -7927.130371 -128 ) 
4 203 206 (6144 -7927.130371 11776 ) (6144 -7168 11776 ) (6144 -7168 -128 ) (6144 -7927.130371 -128 ) 
4 204 206 (6144 -7168 -128 ) (6144 -7168 11776 ) (5120 -7168 11776 ) (5120 -7168 -128 ) 
4 204 205 (5120 -6144 11776 ) (5120 -6144 -128 ) (5120 -7168 -128 ) (5120 -7168 11776 ) 
4 205 216 (4096 -7168 -128 ) (4096 -7168 11776 ) (4096 -6144 11776 ) (4096 -6144 -128 ) 
4 205 207 (5120 -7168 -128 ) (5120 -7168 11776 ) (4096 -7168 11776 ) (4096 -7168 -128 ) 
4 206 207 (5120 -7927.130371 11776 ) (5120 -7168 11776 ) (5120 -7168 -128 ) (5120 -7927.130371 -128 ) 
4 207 218 (4096 -7927.130371 11776 ) (4096 -7168 11776 ) (4096 -7168 -128 ) (4096 -7927.130371 -128 ) 
4 208 210 (4096 -5120 -128 ) (4096 -5120 11776 ) (3072 -5120 11776 ) (3072 -5120 -128 ) 
4 208 209 (3072 -4096 11776 ) (3072 -4096 -128 ) (3072 -5120 -128 ) (3072 -5120 11776 ) 
4 209 212 (2048 -4096 11776 ) (2048 -4096 -128 ) (2048 -5120 -128 ) (2048 -5120 11776 ) 
4 209 211 (3072 -5120 -128 ) (3072 -5120 11776 ) (2048 -5120 11776 ) (2048 -5120 -128 ) 
4 210 216 (4096 -6144 -128 ) (4096 -6144 11776 ) (3072 -6144 11776 ) (3072 -6144 -128 ) 
4 210 211 (3072 -5120 11776 ) (3072 -5120 -128 ) (3072 -6144 -128 ) (3072 -6144 11776 ) 
4 211 217 (3072 -6144 -128 ) (3072 -6144 11776 ) (2048 -6144 11776 ) (2048 -6144 -128 ) 
4 211 214 (2048 -6144 -128 ) (2048 -6144 11776 ) (2048 -5120 11776 ) (2048 -5120 -128 ) 
4 212 214 (2048 -5120 -128 ) (2048 -5120 11776 ) (1024 -5120 11776 ) (1024 -5120 -128 ) 
4 212 213 (1024 -4096 11776 ) (1024 -4096 -128 ) (1024 -5120 -128 ) (1024 -5120 11776 ) 
4 213 364 (0 -5120 -128 ) (0 -5120 11776 ) (0 -4096 11776 ) (0 -4096 -128 ) 
4 213 215 (1024 -5120 -128 ) (1024 -5120 11776 ) (0 -5120 11776 ) (0 -5120 -128 ) 
4 214 220 (2048 -6144 -128 ) (2048 -6144 11776 ) (1024 -6144 11776 ) (1024 -6144 -128 ) 
4 214 215 (1024 -5120 11776 ) (1024 -5120 -128 ) (1024 -6144 -128 ) (1024 -6144 11776 ) 
4 215 365 (0 -6144 -128 ) (0 -6144 11776 ) (0 -5120 11776 ) (0 -5120 -128 ) 
4 215 221 (1024 -6144 -128 ) (1024 -6144 11776 ) (0 -6144 11776 ) (0 -6144 -128 ) 
4 216 218 (4096 -7168 -128 ) (4096 -7168 11776 ) (3072 -7168 11776 ) (3072 -7168 -128 ) 
4 216 217 (3072 -6144 11776 ) (3072 -6144 -128 ) (3072 -7168 -128 ) (3072 -7168 11776 ) 
4 217 220 (2048 -6144 11776 ) (2048 -6144 -128 ) (2048 -7168 -128 ) (2048 -7168 11776 ) 
4 217 219 (3072 -7168 -128 ) (3072 -7168 11776 ) (2048 -7168 11776 ) (2048 -7168 -128 ) 
4 218 219 (3072 -7927.130371 11776 ) (3072 -7168 11776 ) (3072 -7168 -128 ) (3072 -7927.130371 -128 ) 
4 219 222 (2048 -7927.130371 11776 ) (2048 -7168 11776 ) (2048 -7168 -128 ) (2048 -7927.130371 -128 ) 
4 220 222 (2048 -7168 -128 ) (2048 -7168 11776 ) (1024 -7168 11776 ) (1024 -7168 -128 ) 
4 220 221 (1024 -6144 11776 ) (1024 -6144 -128 ) (1024 -7168 -128 ) (1024 -7168 11776 ) 
4 221 370 (0 -7168 -128 ) (0 -7168 11776 ) (0 -6144 11776 ) (0 -6144 -128 ) 
4 221 223 (1024 -7168 -128 ) (1024 -7168 11776 ) (0 -7168 11776 ) (0 -7168 -128 ) 
4 222 223 (1024 -7927.130371 11776 ) (1024 -7168 11776 ) (1024 -7168 -128 ) (1024 -7927.130371 -128 ) 
4 223 373 (0 -7927.130371 11776 ) (0 -7168 11776 ) (0 -7168 -128 ) (0 -7927.130371 -128 ) 
4 224 227 (0 7168 -128 ) (0 7168 11776 ) (-1024 7168 11776 ) (-1024 7168 -128 ) 
4 224 225 (-1024 7168 -128 ) (-1024 7168 11776 ) (-1024 7863.130371 11776 ) (-1024 7863.130371 -128 ) 
4 225 229 (-1024 7168 -128 ) (-1024 7168 11776 ) (-2048 7168 11776 ) (-2048 7168 -128 ) 
4 225 226 (-2048 7168 -128 ) (-2048 7168 11776 ) (-2048 7863.130371 11776 ) (-2048 7863.130371 -128 ) 
4 226 233 (-3072 7168 -128 ) (-3072 7168 11776 ) (-3072 7863.130371 11776 ) (-3072 7863.130371 -128 ) 
4 226 230 (-2048 7168 -128 ) (-2048 7168 11776 ) (-3072 7168 11776 ) (-3072 7168 -128 ) 
4 227 229 (-1024 7168 11776 ) (-1024 7168 -128 ) (-1024 6144 -128 ) (-1024 6144 11776 ) 
4 227 228 (0 6144 -128 ) (0 6144 11776 ) (-1024 6144 11776 ) (-1024 6144 -128 ) 
4 228 245 (0 5120 -128 ) (0 5120 11776 ) (-1024 5120 11776 ) (-1024 5120 -128 ) 
4 228 231 (-1024 5120 -128 ) (-1024 5120 11776 ) (-1024 6144 11776 ) (-1024 6144 -128 ) 
4 229 231 (-1024 6144 -128 ) (-1024 6144 11776 ) (-2048 6144 11776 ) (-2048 6144 -128 ) 
4 229 230 (-2048 7168 11776 ) (-2048 7168 -128 ) (-2048 6144 -128 ) (-2048 6144 11776 ) 
4 230 237 (-3072 6144 -128 ) (-3072 6144 11776 ) (-3072 7168 11776 ) (-3072 7168 -128 ) 
4 230 232 (-2048 6144 -128 ) (-2048 6144 11776 ) (-3072 6144 11776 ) (-3072 6144 -128 ) 
4 231 247 (-1024 5120 -128 ) (-1024 5120 11776 ) (-2048 5120 11776 ) (-2048 5120 -128 ) 
4 231 232 (-2048 6144 11776 ) (-2048 6144 -128 ) (-2048 5120 -128 ) (-2048 5120 11776 ) 
4 232 248 (-2048 5120 -128 ) (-2048 5120 11776 ) (-3072 5120 11776 ) (-3072 5120 -128 ) 
4 232 239 (-3072 5120 -128 ) (-3072 5120 11776 ) (-3072 6144 11776 ) (-3072 6144 -128 ) 
4 233 237 (-3072 7168 -128 ) (-3072 7168 11776 ) (-4096 7168 11776 ) (-4096 7168 -128 ) 
4 233 234 (-4096 7168 -128 ) (-4096 7168 11776 ) (-4096 7863.130371 11776 ) (-4096 7863.130371 -128 ) 
4 234 238 (-4096 7168 -128 ) (-4096 7168 11776 ) (-5120 7168 11776 ) (-5120 7168 -128 ) 
4 234 235 (-5120 7168 -128 ) (-5120 7168 11776 ) (-5120 7863.130371 11776 ) (-5120 7863.130371 -128 ) 
4 235 241 (-5120 7168 -128 ) (-5120 7168 11776 ) (-6144 7168 11776 ) (-6144 7168 -128 ) 
4 235 236 (-6144 7168 -128 ) (-6144 7168 11776 ) (-6144 7863.130371 11776 ) (-6144 7863.130371 -128 ) 
4 236 280 (-7168 7168 -128 ) (-7168 7168 11776 ) (-7168 7863.130371 11776 ) (-7168 7863.130371 -128 ) 
4 236 242 (-6144 7168 -128 ) (-6144 7168 11776 ) (-7168 7168 11776 ) (-7168 7168 -128 ) 
4 237 239 (-3072 6144 -128 ) (-3072 6144 11776 ) (-4096 6144 11776 ) (-4096 6144 -128 ) 
4 237 238 (-4096 7168 11776 ) (-4096 7168 -128 ) (-4096 6144 -128 ) (-4096 6144 11776 ) 
4 238 241 (-5120 7168 11776 ) (-5120 7168 -128 ) (-5120 6144 -128 ) (-5120 6144 11776 ) 
4 238 240 (-4096 6144 -128 ) (-4096 6144 11776 ) (-5120 6144 11776 ) (-5120 6144 -128 ) 
4 239 260 (-3072 5120 -128 ) (-3072 5120 11776 ) (-4096 5120 11776 ) (-4096 5120 -128 ) 
4 239 240 (-4096 6144 11776 ) (-4096 6144 -128 ) (-4096 5120 -128 ) (-4096 5120 11776 ) 
4 240 261 (-4096 5120 -128 ) (-4096 5120 11776 ) (-5120 5120 11776 ) (-5120 5120 -128 ) 
4 240 243 (-5120 5120 -128 ) (-5120 5120 11776 ) (-5120 6144 11776 ) (-5120 6144 -128 ) 
4 241 243 (-5120 6144 -128 ) (-5120 6144 11776 ) (-6144 6144 11776 ) (-6144 6144 -128 ) 
4 241 242 (-6144 7168 11776 ) (-6144 7168 -128 ) (-6144 6144 -128 ) (-6144 6144 11776 ) 
4 242 284 (-7168 6144 -128 ) (-7168 6144 11776 ) (-7168 7168 11776 ) (-7168 7168 -128 ) 
4 242 244 (-6144 6144 -128 ) (-6144 6144 11776 ) (-7168 6144 11776 ) (-7168 6144 -128 ) 
4 243 264 (-5120 5120 -128 ) (-5120 5120 11776 ) (-6144 5120 11776 ) (-6144 5120 -128 ) 
4 243 244 (-6144 6144 11776 ) (-6144 6144 -128 ) (-6144 5120 -128 ) (-6144 5120 11776 ) 
4 244 286 (-7168 5120 -128 ) (-7168 5120 11776 ) (-7168 6144 11776 ) (-7168 6144 -128 ) 
4 244 265 (-6144 5120 -128 ) (-6144 5120 11776 ) (-7168 5120 11776 ) (-7168 5120 -128 ) 
4 245 247 (-1024 5120 11776 ) (-1024 5120 -128 ) (-1024 4096 -128 ) (-1024 4096 11776 ) 
4 245 246 (0 4096 -128 ) (0 4096 11776 ) (-1024 4096 11776 ) (-1024 4096 -128 ) 
4 246 251 (0 3072 -128 ) (0 3072 11776 ) (-1024 3072 11776 ) (-1024 3072 -128 ) 
4 246 249 (-1024 3072 -128 ) (-1024 3072 11776 ) (-1024 4096 11776 ) (-1024 4096 -128 ) 
4 247 249 (-1024 4096 -128 ) (-1024 4096 11776 ) (-2048 4096 11776 ) (-2048 4096 -128 ) 
4 247 248 (-2048 5120 11776 ) (-2048 5120 -128 ) (-2048 4096 -128 ) (-2048 4096 11776 ) 
4 248 260 (-3072 5120 11776 ) (-3072 5120 -128 ) (-3072 4096 -128 ) (-3072 4096 11776 ) 
4 248 250 (-2048 4096 -128 ) (-2048 4096 11776 ) (-3072 4096 11776 ) (-3072 4096 -128 ) 
4 249 252 (-1024 3072 -128 ) (-1024 3072 11776 ) (-2048 3072 11776 ) (-2048 3072 -128 ) 
4 249 250 (-2048 4096 11776 ) (-2048 4096 -128 ) (-2048 3072 -128 ) (-2048 3072 11776 ) 
4 250 262 (-3072 3072 -128 ) (-3072 3072 11776 ) (-3072 4096 11776 ) (-3072 4096 -128 ) 
4 250 253 (-2048 3072 -128 ) (-2048 3072 11776 ) (-3072 3072 11776 ) (-3072 3072 -128 ) 
4 251 254 (0 2048 -128 ) (0 2048 11776 ) (-1024 2048 11776 ) (-1024 2048 -128 ) 
4 251 252 (-1024 2048 -128 ) (-1024 2048 11776 ) (-1024 3072 11776 ) (-1024 3072 -128 ) 
4 252 256 (-1024 2048 -128 ) (-1024 2048 11776 ) (-2048 2048 11776 ) (-2048 2048 -128 ) 
4 252 253 (-2048 3072 11776 ) (-2048 3072 -128 ) (-2048 2048 -128 ) (-2048 2048 11776 ) 
4 253 268 (-3072 2048 -128 ) (-3072 2048 11776 ) (-3072 3072 11776 ) (-3072 3072 -128 ) 
4 253 257 (-3072 2048 11776 ) (-3072 2048 -128 ) (-2048 2048 -128 ) (-2048 2048 11776 ) 
4 254 256 (-1024 2048 11776 ) (-1024 2048 -128 ) (-1024 1024 -128 ) (-1024 1024 11776 ) 
4 254 255 (0 1024 -128 ) (0 1024 11776 ) (-1024 1024 11776 ) (-1024 1024 -128 ) 
4 255 336 (0 0 -128 ) (0 0 11776 ) (-1024 0 11776 ) (-1024 0 -128 ) 
4 255 258 (-1024 0 -128 ) (-1024 0 11776 ) (-1024 1024 11776 ) (-1024 1024 -128 ) 
4 256 258 (-1024 1024 -128 ) (-1024 1024 11776 ) (-2048 1024 11776 ) (-2048 1024 -128 ) 
4 256 257 (-2048 2048 11776 ) (-2048 2048 -128 ) (-2048 1024 -128 ) (-2048 1024 11776 ) 
4 257 270 (-3072 1024 -128 ) (-3072 1024 11776 ) (-3072 2048 11776 ) (-3072 2048 -128 ) 
4 257 259 (-3072 1024 11776 ) (-3072 1024 -128 ) (-2048 1024 -128 ) (-2048 1024 11776 ) 
4 258 338 (-1024 0 -128 ) (-1024 0 11776 ) (-2048 0 11776 ) (-2048 0 -128 ) 
4 258 259 (-2048 1024 11776 ) (-2048 1024 -128 ) (-2048 0 -128 ) (-2048 0 11776 ) 
4 259 339 (-2048 0 -128 ) (-2048 0 11776 ) (-3072 0 11776 ) (-3072 0 -128 ) 
4 259 272 (-3072 0 -128 ) (-3072 0 11776 ) (-3072 1024 11776 ) (-3072 1024 -128 ) 
4 260 262 (-3072 4096 -128 ) (-3072 4096 11776 ) (-4096 4096 11776 ) (-4096 4096 -128 ) 
4 260 261 (-4096 5120 11776 ) (-4096 5120 -128 ) (-4096 4096 -128 ) (-4096 4096 11776 ) 
4 261 264 (-5120 5120 11776 ) (-5120 5120 -128 ) (-5120 4096 -128 ) (-5120 4096 11776 ) 
4 261 263 (-4096 4096 -128 ) (-4096 4096 11776 ) (-5120 4096 11776 ) (-5120 4096 -128 ) 
4 262 268 (-3072 3072 -128 ) (-3072 3072 11776 ) (-4096 3072 11776 ) (-4096 3072 -128 ) 
4 262 263 (-4096 4096 11776 ) (-4096 4096 -128 ) (-4096 3072 -128 ) (-4096 3072 11776 ) 
4 263 269 (-4096 3072 -128 ) (-4096 3072 11776 ) (-5120 3072 11776 ) (-5120 3072 -128 ) 
4 263 266 (-5120 3072 -128 ) (-5120 3072 11776 ) (-5120 4096 11776 ) (-5120 4096 -128 ) 
4 264 266 (-5120 4096 -128 ) (-5120 4096 11776 ) (-6144 4096 11776 ) (-6144 4096 -128 ) 
4 264 265 (-6144 5120 11776 ) (-6144 5120 -128 ) (-6144 4096 -128 ) (-6144 4096 11776 ) 
4 265 301 (-7168 4096 -128 ) (-7168 4096 11776 ) (-7168 5120 11776 ) (-7168 5120 -128 ) 
4 265 267 (-6144 4096 -128 ) (-6144 4096 11776 ) (-7168 4096 11776 ) (-7168 4096 -128 ) 
4 266 274 (-5120 3072 -128 ) (-5120 3072 11776 ) (-6144 3072 11776 ) (-6144 3072 -128 ) 
4 266 267 (-6144 4096 11776 ) (-6144 4096 -128 ) (-6144 3072 -128 ) (-6144 3072 11776 ) 
4 267 303 (-7168 3072 -128 ) (-7168 3072 11776 ) (-7168 4096 11776 ) (-7168 4096 -128 ) 
4 267 275 (-6144 3072 -128 ) (-6144 3072 11776 ) (-7168 3072 11776 ) (-7168 3072 -128 ) 
4 268 270 (-3072 2048 -128 ) (-3072 2048 11776 ) (-4096 2048 11776 ) (-4096 2048 -128 ) 
4 268 269 (-4096 3072 11776 ) (-4096 3072 -128 ) (-4096 2048 -128 ) (-4096 2048 11776 ) 
4 269 274 (-5120 3072 11776 ) (-5120 3072 -128 ) (-5120 2048 -128 ) (-5120 2048 11776 ) 
4 269 271 (-4096 2048 -128 ) (-4096 2048 11776 ) (-5120 2048 11776 ) (-5120 2048 -128 ) 
4 270 272 (-3072 1024 -128 ) (-3072 1024 11776 ) (-4096 1024 11776 ) (-4096 1024 -128 ) 
4 270 271 (-4096 1024 -128 ) (-4096 1024 11776 ) (-4096 2048 11776 ) (-4096 2048 -128 ) 
4 271 276 (-5120 1024 -128 ) (-5120 1024 11776 ) (-5120 2048 11776 ) (-5120 2048 -128 ) 
4 271 273 (-5120 1024 11776 ) (-5120 1024 -128 ) (-4096 1024 -128 ) (-4096 1024 11776 ) 
4 272 348 (-3072 0 -128 ) (-3072 0 11776 ) (-4096 0 11776 ) (-4096 0 -128 ) 
4 272 273 (-4096 1024 11776 ) (-4096 1024 -128 ) (-4096 0 -128 ) (-4096 0 11776 ) 
4 273 349 (-4096 0 -128 ) (-4096 0 11776 ) (-5120 0 11776 ) (-5120 0 -128 ) 
4 273 278 (-5120 0 -128 ) (-5120 0 11776 ) (-5120 1024 11776 ) (-5120 1024 -128 ) 
4 274 276 (-5120 2048 -128 ) (-5120 2048 11776 ) (-6144 2048 11776 ) (-6144 2048 -128 ) 
4 274 275 (-6144 3072 11776 ) (-6144 3072 -128 ) (-6144 2048 -128 ) (-6144 2048 11776 ) 
4 275 309 (-7168 2048 -128 ) (-7168 2048 11776 ) (-7168 3072 11776 ) (-7168 3072 -128 ) 
4 275 277 (-6144 2048 -128 ) (-6144 2048 11776 ) (-7168 2048 11776 ) (-7168 2048 -128 ) 
4 276 278 (-5120 1024 -128 ) (-5120 1024 11776 ) (-6144 1024 11776 ) (-6144 1024 -128 ) 
4 276 277 (-6144 1024 -128 ) (-6144 1024 11776 ) (-6144 2048 11776 ) (-6144 2048 -128 ) 
4 277 311 (-7168 1024 -128 ) (-7168 1024 11776 ) (-7168 2048 11776 ) (-7168 2048 -128 ) 
4 277 279 (-7168 1024 11776 ) (-7168 1024 -128 ) (-6144 1024 -128 ) (-6144 1024 11776 ) 
4 278 352 (-5120 0 -128 ) (-5120 0 11776 ) (-6144 0 11776 ) (-6144 0 -128 ) 
4 278 279 (-6144 1024 11776 ) (-6144 1024 -128 ) (-6144 0 -128 ) (-6144 0 11776 ) 
4 279 353 (-6144 0 -128 ) (-6144 0 11776 ) (-7168 0 11776 ) (-7168 0 -128 ) 
4 279 313 (-7168 0 -128 ) (-7168 0 11776 ) (-7168 1024 11776 ) (-7168 1024 -128 ) 
4 280 284 (-7168 7168 -128 ) (-7168 7168 11776 ) (-8192 7168 11776 ) (-8192 7168 -128 ) 
4 280 281 (-8192 7168 -128 ) (-8192 7168 11776 ) (-8192 7863.130371 11776 ) (-8192 7863.130371 -128 ) 
4 281 285 (-8192 7168 -128 ) (-8192 7168 11776 ) (-9216 7168 11776 ) (-9216 7168 -128 ) 
4 281 282 (-9216 7168 -128 ) (-9216 7168 11776 ) (-9216 7863.130371 11776 ) (-9216 7863.130371 -128 ) 
4 282 288 (-9216 7168 -128 ) (-9216 7168 11776 ) (-10240 7168 11776 ) (-10240 7168 -128 ) 
4 282 283 (-10240 7168 -128 ) (-10240 7168 11776 ) (-10240 7863.130371 11776 ) (-10240 7863.130371 -128 ) 
4 283 292 (-11264 7168 -128 ) (-11264 7168 11776 ) (-11264 7863.130371 11776 ) (-11264 7863.130371 -128 ) 
4 283 289 (-10240 7168 -128 ) (-10240 7168 11776 ) (-11264 7168 11776 ) (-11264 7168 -128 ) 
4 284 286 (-7168 6144 -128 ) (-7168 6144 11776 ) (-8192 6144 11776 ) (-8192 6144 -128 ) 
4 284 285 (-8192 7168 11776 ) (-8192 7168 -128 ) (-8192 6144 -128 ) (-8192 6144 11776 ) 
4 285 288 (-9216 7168 11776 ) (-9216 7168 -128 ) (-9216 6144 -128 ) (-9216 6144 11776 ) 
4 285 287 (-8192 6144 -128 ) (-8192 6144 11776 ) (-9216 6144 11776 ) (-9216 6144 -128 ) 
4 286 301 (-7168 5120 -128 ) (-7168 5120 11776 ) (-8192 5120 11776 ) (-8192 5120 -128 ) 
4 286 287 (-8192 6144 11776 ) (-8192 6144 -128 ) (-8192 5120 -128 ) (-8192 5120 11776 ) 
4 287 302 (-8192 5120 -128 ) (-8192 5120 11776 ) (-9216 5120 11776 ) (-9216 5120 -128 ) 
4 287 290 (-9216 5120 -128 ) (-9216 5120 11776 ) (-9216 6144 11776 ) (-9216 6144 -128 ) 
4 288 290 (-9216 6144 -128 ) (-9216 6144 11776 ) (-10240 6144 11776 ) (-10240 6144 -128 ) 
4 288 289 (-10240 7168 11776 ) (-10240 7168 -128 ) (-10240 6144 -128 ) (-10240 6144 11776 ) 
4 289 295 (-11264 6144 -128 ) (-11264 6144 11776 ) (-11264 7168 11776 ) (-11264 7168 -128 ) 
4 289 291 (-10240 6144 -128 ) (-10240 6144 11776 ) (-11264 6144 11776 ) (-11264 6144 -128 ) 
4 290 305 (-9216 5120 -128 ) (-9216 5120 11776 ) (-10240 5120 11776 ) (-10240 5120 -128 ) 
4 290 291 (-10240 6144 11776 ) (-10240 6144 -128 ) (-10240 5120 -128 ) (-10240 5120 11776 ) 
4 291 306 (-10240 5120 -128 ) (-10240 5120 11776 ) (-11264 5120 11776 ) (-11264 5120 -128 ) 
4 291 297 (-11264 5120 -128 ) (-11264 5120 11776 ) (-11264 6144 11776 ) (-11264 6144 -128 ) 
4 292 295 (-11264 7168 -128 ) (-11264 7168 11776 ) (-12288 7168 11776 ) (-12288 7168 -128 ) 
4 292 293 (-12288 7168 -128 ) (-12288 7168 11776 ) (-12288 7863.130371 11776 ) (-12288 7863.130371 -128 ) 
4 293 296 (-12288 7168 -128 ) (-12288 7168 11776 ) (-13312 7168 11776 ) (-13312 7168 -128 ) 
4 293 294 (-13312 7168 -128 ) (-13312 7168 11776 ) (-13312 7863.130371 11776 ) (-13312 7863.130371 -128 ) 
4 294 299 (-13312 7168 -128 ) (-13312 7168 11776 ) (-14044 7168 11776 ) (-14044 7168 -128 ) 
4 295 297 (-11264 6144 -128 ) (-11264 6144 11776 ) (-12288 6144 11776 ) (-12288 6144 -128 ) 
4 295 296 (-12288 7168 11776 ) (-12288 7168 -128 ) (-12288 6144 -128 ) (-12288 6144 11776 ) 
4 296 299 (-13312 7168 11776 ) (-13312 7168 -128 ) (-13312 6144 -128 ) (-13312 6144 11776 ) 
4 296 298 (-12288 6144 -128 ) (-12288 6144 11776 ) (-13312 6144 11776 ) (-13312 6144 -128 ) 
4 297 321 (-11264 5120 -128 ) (-11264 5120 11776 ) (-12288 5120 11776 ) (-12288 5120 -128 ) 
4 297 298 (-12288 6144 11776 ) (-12288 6144 -128 ) (-12288 5120 -128 ) (-12288 5120 11776 ) 
4 298 322 (-12288 5120 -128 ) (-12288 5120 11776 ) (-13312 5120 11776 ) (-13312 5120 -128 ) 
4 298 300 (-13312 5120 -128 ) (-13312 5120 11776 ) (-13312 6144 11776 ) (-13312 6144 -128 ) 
4 299 300 (-13312 6144 -128 ) (-13312 6144 11776 ) (-14044 6144 11776 ) (-14044 6144 -128 ) 
4 300 325 (-13312 5120 -128 ) (-13312 5120 11776 ) (-14044 5120 11776 ) (-14044 5120 -128 ) 
4 301 303 (-7168 4096 -128 ) (-7168 4096 11776 ) (-8192 4096 11776 ) (-8192 4096 -128 ) 
4 301 302 (-8192 5120 11776 ) (-8192 5120 -128 ) (-8192 4096 -128 ) (-8192 4096 11776 ) 
4 302 305 (-9216 5120 11776 ) (-9216 5120 -128 ) (-9216 4096 -128 ) (-9216 4096 11776 ) 
4 302 304 (-8192 4096 -128 ) (-8192 4096 11776 ) (-9216 4096 11776 ) (-9216 4096 -128 ) 
4 303 309 (-7168 3072 -128 ) (-7168 3072 11776 ) (-8192 3072 11776 ) (-8192 3072 -128 ) 
4 303 304 (-8192 4096 11776 ) (-8192 4096 -128 ) (-8192 3072 -128 ) (-8192 3072 11776 ) 
4 304 310 (-8192 3072 -128 ) (-8192 3072 11776 ) (-9216 3072 11776 ) (-9216 3072 -128 ) 
4 304 307 (-9216 3072 -128 ) (-9216 3072 11776 ) (-9216 4096 11776 ) (-9216 4096 -128 ) 
4 305 307 (-9216 4096 -128 ) (-9216 4096 11776 ) (-10240 4096 11776 ) (-10240 4096 -128 ) 
4 305 306 (-10240 5120 11776 ) (-10240 5120 -128 ) (-10240 4096 -128 ) (-10240 4096 11776 ) 
4 306 321 (-11264 5120 11776 ) (-11264 5120 -128 ) (-11264 4096 -128 ) (-11264 4096 11776 ) 
4 306 308 (-10240 4096 -128 ) (-10240 4096 11776 ) (-11264 4096 11776 ) (-11264 4096 -128 ) 
4 307 315 (-9216 3072 -128 ) (-9216 3072 11776 ) (-10240 3072 11776 ) (-10240 3072 -128 ) 
4 307 308 (-10240 4096 11776 ) (-10240 4096 -128 ) (-10240 3072 -128 ) (-10240 3072 11776 ) 
4 308 323 (-11264 3072 -128 ) (-11264 3072 11776 ) (-11264 4096 11776 ) (-11264 4096 -128 ) 
4 308 316 (-10240 3072 -128 ) (-10240 3072 11776 ) (-11264 3072 11776 ) (-11264 3072 -128 ) 
4 309 311 (-7168 2048 -128 ) (-7168 2048 11776 ) (-8192 2048 11776 ) (-8192 2048 -128 ) 
4 309 310 (-8192 3072 11776 ) (-8192 3072 -128 ) (-8192 2048 -128 ) (-8192 2048 11776 ) 
4 310 315 (-9216 3072 11776 ) (-9216 3072 -128 ) (-9216 2048 -128 ) (-9216 2048 11776 ) 
4 310 312 (-8192 2048 -128 ) (-8192 2048 11776 ) (-9216 2048 11776 ) (-9216 2048 -128 ) 
4 311 313 (-7168 1024 -128 ) (-7168 1024 11776 ) (-8192 1024 11776 ) (-8192 1024 -128 ) 
4 311 312 (-8192 1024 -128 ) (-8192 1024 11776 ) (-8192 2048 11776 ) (-8192 2048 -128 ) 
4 312 317 (-9216 1024 -128 ) (-9216 1024 11776 ) (-9216 2048 11776 ) (-9216 2048 -128 ) 
4 312 314 (-9216 1024 11776 ) (-9216 1024 -128 ) (-8192 1024 -128 ) (-8192 1024 11776 ) 
4 313 392 (-7168 0 -128 ) (-7168 0 11776 ) (-8192 0 11776 ) (-8192 0 -128 ) 
4 313 314 (-8192 1024 11776 ) (-8192 1024 -128 ) (-8192 0 -128 ) (-8192 0 11776 ) 
4 314 393 (-8192 0 -128 ) (-8192 0 11776 ) (-9216 0 11776 ) (-9216 0 -128 ) 
4 314 319 (-9216 0 -128 ) (-9216 0 11776 ) (-9216 1024 11776 ) (-9216 1024 -128 ) 
4 315 317 (-9216 2048 -128 ) (-9216 2048 11776 ) (-10240 2048 11776 ) (-10240 2048 -128 ) 
4 315 316 (-10240 3072 11776 ) (-10240 3072 -128 ) (-10240 2048 -128 ) (-10240 2048 11776 ) 
4 316 327 (-11264 2048 -128 ) (-11264 2048 11776 ) (-11264 3072 11776 ) (-11264 3072 -128 ) 
4 316 318 (-10240 2048 -128 ) (-10240 2048 11776 ) (-11264 2048 11776 ) (-11264 2048 -128 ) 
4 317 319 (-9216 1024 -128 ) (-9216 1024 11776 ) (-10240 1024 11776 ) (-10240 1024 -128 ) 
4 317 318 (-10240 1024 -128 ) (-10240 1024 11776 ) (-10240 2048 11776 ) (-10240 2048 -128 ) 
4 318 329 (-11264 1024 -128 ) (-11264 1024 11776 ) (-11264 2048 11776 ) (-11264 2048 -128 ) 
4 318 320 (-11264 1024 11776 ) (-11264 1024 -128 ) (-10240 1024 -128 ) (-10240 1024 11776 ) 
4 319 396 (-9216 0 -128 ) (-9216 0 11776 ) (-10240 0 11776 ) (-10240 0 -128 ) 
4 319 320 (-10240 1024 11776 ) (-10240 1024 -128 ) (-10240 0 -128 ) (-10240 0 11776 ) 
4 320 397 (-10240 0 -128 ) (-10240 0 11776 ) (-11264 0 11776 ) (-11264 0 -128 ) 
4 320 331 (-11264 0 -128 ) (-11264 0 11776 ) (-11264 1024 11776 ) (-11264 1024 -128 ) 
4 321 323 (-11264 4096 -128 ) (-11264 4096 11776 ) (-12288 4096 11776 ) (-12288 4096 -128 ) 
4 321 322 (-12288 5120 11776 ) (-12288 5120 -128 ) (-12288 4096 -128 ) (-12288 4096 11776 ) 
4 322 325 (-13312 5120 11776 ) (-13312 5120 -128 ) (-13312 4096 -128 ) (-13312 4096 11776 ) 
4 322 324 (-12288 4096 -128 ) (-12288 4096 11776 ) (-13312 4096 11776 ) (-13312 4096 -128 ) 
4 323 327 (-11264 3072 -128 ) (-11264 3072 11776 ) (-12288 3072 11776 ) (-12288 3072 -128 ) 
4 323 324 (-12288 4096 11776 ) (-12288 4096 -128 ) (-12288 3072 -128 ) (-12288 3072 11776 ) 
4 324 328 (-12288 3072 -128 ) (-12288 3072 11776 ) (-13312 3072 11776 ) (-13312 3072 -128 ) 
4 324 326 (-13312 3072 -128 ) (-13312 3072 11776 ) (-13312 4096 11776 ) (-13312 4096 -128 ) 
4 325 326 (-13312 4096 -128 ) (-13312 4096 11776 ) (-14044 4096 11776 ) (-14044 4096 -128 ) 
4 326 333 (-13312 3072 -128 ) (-13312 3072 11776 ) (-14044 3072 11776 ) (-14044 3072 -128 ) 
4 327 329 (-11264 2048 -128 ) (-11264 2048 11776 ) (-12288 2048 11776 ) (-12288 2048 -128 ) 
4 327 328 (-12288 3072 11776 ) (-12288 3072 -128 ) (-12288 2048 -128 ) (-12288 2048 11776 ) 
4 328 333 (-13312 3072 11776 ) (-13312 3072 -128 ) (-13312 2048 -128 ) (-13312 2048 11776 ) 
4 328 330 (-12288 2048 -128 ) (-12288 2048 11776 ) (-13312 2048 11776 ) (-13312 2048 -128 ) 
4 329 331 (-11264 1024 -128 ) (-11264 1024 11776 ) (-12288 1024 11776 ) (-12288 1024 -128 ) 
4 329 330 (-12288 1024 -128 ) (-12288 1024 11776 ) (-12288 2048 11776 ) (-12288 2048 -128 ) 
4 330 334 (-13312 1024 -128 ) (-13312 1024 11776 ) (-13312 2048 11776 ) (-13312 2048 -128 ) 
4 330 332 (-13312 1024 11776 ) (-13312 1024 -128 ) (-12288 1024 -128 ) (-12288 1024 11776 ) 
4 331 408 (-11264 0 -128 ) (-11264 0 11776 ) (-12288 0 11776 ) (-12288 0 -128 ) 
4 331 332 (-12288 1024 11776 ) (-12288 1024 -128 ) (-12288 0 -128 ) (-12288 0 11776 ) 
4 332 409 (-12288 0 -128 ) (-12288 0 11776 ) (-13312 0 11776 ) (-13312 0 -128 ) 
4 332 335 (-13312 0 -128 ) (-13312 0 11776 ) (-13312 1024 11776 ) (-13312 1024 -128 ) 
4 333 334 (-13312 2048 -128 ) (-13312 2048 11776 ) (-14044 2048 11776 ) (-14044 2048 -128 ) 
4 334 335 (-13312 1024 -128 ) (-13312 1024 11776 ) (-14044 1024 11776 ) (-14044 1024 -128 ) 
4 335 412 (-13312 0 -128 ) (-13312 0 11776 ) (-14044 0 11776 ) (-14044 0 -128 ) 
4 336 338 (-1024 0 11776 ) (-1024 0 -128 ) (-1024 -1024 -128 ) (-1024 -1024 11776 ) 
4 336 337 (0 -1024 -128 ) (0 -1024 11776 ) (-1024 -1024 11776 ) (-1024 -1024 -128 ) 
4 337 342 (0 -2048 -128 ) (0 -2048 11776 ) (-1024 -2048 11776 ) (-1024 -2048 -128 ) 
4 337 340 (-1024 -2048 -128 ) (-1024 -2048 11776 ) (-1024 -1024 11776 ) (-1024 -1024 -128 ) 
4 338 340 (-1024 -1024 -128 ) (-1024 -1024 11776 ) (-2048 -1024 11776 ) (-2048 -1024 -128 ) 
4 338 339 (-2048 0 11776 ) (-2048 0 -128 ) (-2048 -1024 -128 ) (-2048 -1024 11776 ) 
4 339 348 (-3072 0 11776 ) (-3072 0 -128 ) (-3072 -1024 -128 ) (-3072 -1024 11776 ) 
4 339 341 (-2048 -1024 -128 ) (-2048 -1024 11776 ) (-3072 -1024 11776 ) (-3072 -1024 -128 ) 
4 340 344 (-1024 -2048 -128 ) (-1024 -2048 11776 ) (-2048 -2048 11776 ) (-2048 -2048 -128 ) 
4 340 341 (-2048 -1024 11776 ) (-2048 -1024 -128 ) (-2048 -2048 -128 ) (-2048 -2048 11776 ) 
4 341 350 (-3072 -2048 -128 ) (-3072 -2048 11776 ) (-3072 -1024 11776 ) (-3072 -1024 -128 ) 
4 341 345 (-2048 -2048 -128 ) (-2048 -2048 11776 ) (-3072 -2048 11776 ) (-3072 -2048 -128 ) 
4 342 344 (-1024 -2048 11776 ) (-1024 -2048 -128 ) (-1024 -3072 -128 ) (-1024 -3072 11776 ) 
4 342 343 (0 -3072 -128 ) (0 -3072 11776 ) (-1024 -3072 11776 ) (-1024 -3072 -128 ) 
4 343 364 (0 -4096 -128 ) (0 -4096 11776 ) (-1024 -4096 11776 ) (-1024 -4096 -128 ) 
4 343 346 (-1024 -4096 -128 ) (-1024 -4096 11776 ) (-1024 -3072 11776 ) (-1024 -3072 -128 ) 
4 344 346 (-1024 -3072 -128 ) (-1024 -3072 11776 ) (-2048 -3072 11776 ) (-2048 -3072 -128 ) 
4 344 345 (-2048 -2048 11776 ) (-2048 -2048 -128 ) (-2048 -3072 -128 ) (-2048 -3072 11776 ) 
4 345 356 (-3072 -3072 -128 ) (-3072 -3072 11776 ) (-3072 -2048 11776 ) (-3072 -2048 -128 ) 
4 345 347 (-2048 -3072 -128 ) (-2048 -3072 11776 ) (-3072 -3072 11776 ) (-3072 -3072 -128 ) 
4 346 366 (-1024 -4096 -128 ) (-1024 -4096 11776 ) (-2048 -4096 11776 ) (-2048 -4096 -128 ) 
4 346 347 (-2048 -3072 11776 ) (-2048 -3072 -128 ) (-2048 -4096 -128 ) (-2048 -4096 11776 ) 
4 347 367 (-2048 -4096 -128 ) (-2048 -4096 11776 ) (-3072 -4096 11776 ) (-3072 -4096 -128 ) 
4 347 358 (-3072 -4096 -128 ) (-3072 -4096 11776 ) (-3072 -3072 11776 ) (-3072 -3072 -128 ) 
4 348 350 (-3072 -1024 -128 ) (-3072 -1024 11776 ) (-4096 -1024 11776 ) (-4096 -1024 -128 ) 
4 348 349 (-4096 0 11776 ) (-4096 0 -128 ) (-4096 -1024 -128 ) (-4096 -1024 11776 ) 
4 349 352 (-5120 0 11776 ) (-5120 0 -128 ) (-5120 -1024 -128 ) (-5120 -1024 11776 ) 
4 349 351 (-4096 -1024 -128 ) (-4096 -1024 11776 ) (-5120 -1024 11776 ) (-5120 -1024 -128 ) 
4 350 356 (-3072 -2048 -128 ) (-3072 -2048 11776 ) (-4096 -2048 11776 ) (-4096 -2048 -128 ) 
4 350 351 (-4096 -1024 11776 ) (-4096 -1024 -128 ) (-4096 -2048 -128 ) (-4096 -2048 11776 ) 
4 351 357 (-4096 -2048 -128 ) (-4096 -2048 11776 ) (-5120 -2048 11776 ) (-5120 -2048 -128 ) 
4 351 354 (-5120 -2048 -128 ) (-5120 -2048 11776 ) (-5120 -1024 11776 ) (-5120 -1024 -128 ) 
4 352 354 (-5120 -1024 -128 ) (-5120 -1024 11776 ) (-6144 -1024 11776 ) (-6144 -1024 -128 ) 
4 352 353 (-6144 0 11776 ) (-6144 0 -128 ) (-6144 -1024 -128 ) (-6144 -1024 11776 ) 
4 353 392 (-7168 0 11776 ) (-7168 0 -128 ) (-7168 -1024 -128 ) (-7168 -1024 11776 ) 
4 353 355 (-6144 -1024 -128 ) (-6144 -1024 11776 ) (-7168 -1024 11776 ) (-7168 -1024 -128 ) 
4 354 360 (-5120 -2048 -128 ) (-5120 -2048 11776 ) (-6144 -2048 11776 ) (-6144 -2048 -128 ) 
4 354 355 (-6144 -1024 11776 ) (-6144 -1024 -128 ) (-6144 -2048 -128 ) (-6144 -2048 11776 ) 
4 355 394 (-7168 -2048 -128 ) (-7168 -2048 11776 ) (-7168 -1024 11776 ) (-7168 -1024 -128 ) 
4 355 361 (-6144 -2048 -128 ) (-6144 -2048 11776 ) (-7168 -2048 11776 ) (-7168 -2048 -128 ) 
4 356 358 (-3072 -3072 -128 ) (-3072 -3072 11776 ) (-4096 -3072 11776 ) (-4096 -3072 -128 ) 
4 356 357 (-4096 -2048 11776 ) (-4096 -2048 -128 ) (-4096 -3072 -128 ) (-4096 -3072 11776 ) 
4 357 360 (-5120 -2048 11776 ) (-5120 -2048 -128 ) (-5120 -3072 -128 ) (-5120 -3072 11776 ) 
4 357 359 (-4096 -3072 -128 ) (-4096 -3072 11776 ) (-5120 -3072 11776 ) (-5120 -3072 -128 ) 
4 358 376 (-3072 -4096 -128 ) (-3072 -4096 11776 ) (-4096 -4096 11776 ) (-4096 -4096 -128 ) 
4 358 359 (-4096 -3072 11776 ) (-4096 -3072 -128 ) (-4096 -4096 -128 ) (-4096 -4096 11776 ) 
4 359 377 (-4096 -4096 -128 ) (-4096 -4096 11776 ) (-5120 -4096 11776 ) (-5120 -4096 -128 ) 
4 359 362 (-5120 -4096 -128 ) (-5120 -4096 11776 ) (-5120 -3072 11776 ) (-5120 -3072 -128 ) 
4 360 362 (-5120 -3072 -128 ) (-5120 -3072 11776 ) (-6144 -3072 11776 ) (-6144 -3072 -128 ) 
4 360 361 (-6144 -2048 11776 ) (-6144 -2048 -128 ) (-6144 -3072 -128 ) (-6144 -3072 11776 ) 
4 361 400 (-7168 -3072 -128 ) (-7168 -3072 11776 ) (-7168 -2048 11776 ) (-7168 -2048 -128 ) 
4 361 363 (-6144 -3072 -128 ) (-6144 -3072 11776 ) (-7168 -3072 11776 ) (-7168 -3072 -128 ) 
4 362 380 (-5120 -4096 -128 ) (-5120 -4096 11776 ) (-6144 -4096 11776 ) (-6144 -4096 -128 ) 
4 362 363 (-6144 -3072 11776 ) (-6144 -3072 -128 ) (-6144 -4096 -128 ) (-6144 -4096 11776 ) 
4 363 402 (-7168 -4096 -128 ) (-7168 -4096 11776 ) (-7168 -3072 11776 ) (-7168 -3072 -128 ) 
4 363 381 (-6144 -4096 -128 ) (-6144 -4096 11776 ) (-7168 -4096 11776 ) (-7168 -4096 -128 ) 
4 364 366 (-1024 -4096 11776 ) (-1024 -4096 -128 ) (-1024 -5120 -128 ) (-1024 -5120 11776 ) 
4 364 365 (0 -5120 -128 ) (0 -5120 11776 ) (-1024 -5120 11776 ) (-1024 -5120 -128 ) 
4 365 370 (0 -6144 -128 ) (0 -6144 11776 ) (-1024 -6144 11776 ) (-1024 -6144 -128 ) 
4 365 368 (-1024 -6144 -128 ) (-1024 -6144 11776 ) (-1024 -5120 11776 ) (-1024 -5120 -128 ) 
4 366 368 (-1024 -5120 -128 ) (-1024 -5120 11776 ) (-2048 -5120 11776 ) (-2048 -5120 -128 ) 
4 366 367 (-2048 -4096 11776 ) (-2048 -4096 -128 ) (-2048 -5120 -128 ) (-2048 -5120 11776 ) 
4 367 376 (-3072 -4096 11776 ) (-3072 -4096 -128 ) (-3072 -5120 -128 ) (-3072 -5120 11776 ) 
4 367 369 (-2048 -5120 -128 ) (-2048 -5120 11776 ) (-3072 -5120 11776 ) (-3072 -5120 -128 ) 
4 368 371 (-1024 -6144 -128 ) (-1024 -6144 11776 ) (-2048 -6144 11776 ) (-2048 -6144 -128 ) 
4 368 369 (-2048 -5120 11776 ) (-2048 -5120 -128 ) (-2048 -6144 -128 ) (-2048 -6144 11776 ) 
4 369 378 (-3072 -6144 -128 ) (-3072 -6144 11776 ) (-3072 -5120 11776 ) (-3072 -5120 -128 ) 
4 369 372 (-2048 -6144 -128 ) (-2048 -6144 11776 ) (-3072 -6144 11776 ) (-3072 -6144 -128 ) 
4 370 373 (0 -7168 -128 ) (0 -7168 11776 ) (-1024 -7168 11776 ) (-1024 -7168 -128 ) 
4 370 371 (-1024 -7168 -128 ) (-1024 -7168 11776 ) (-1024 -6144 11776 ) (-1024 -6144 -128 ) 
4 371 374 (-1024 -7168 -128 ) (-1024 -7168 11776 ) (-2048 -7168 11776 ) (-2048 -7168 -128 ) 
4 371 372 (-2048 -6144 11776 ) (-2048 -6144 -128 ) (-2048 -7168 -128 ) (-2048 -7168 11776 ) 
4 372 384 (-3072 -7168 -128 ) (-3072 -7168 11776 ) (-3072 -6144 11776 ) (-3072 -6144 -128 ) 
4 372 375 (-3072 -7168 11776 ) (-3072 -7168 -128 ) (-2048 -7168 -128 ) (-2048 -7168 11776 ) 
4 373 374 (-1024 -7168 11776 ) (-1024 -7168 -128 ) (-1024 -7927.130371 -128 ) (-1024 -7927.130371 11776 ) 
4 374 375 (-2048 -7168 11776 ) (-2048 -7168 -128 ) (-2048 -7927.130371 -128 ) (-2048 -7927.130371 11776 ) 
4 375 386 (-3072 -7927.130371 11776 ) (-3072 -7168 11776 ) (-3072 -7168 -128 ) (-3072 -7927.130371 -128 ) 
4 376 378 (-3072 -5120 -128 ) (-3072 -5120 11776 ) (-4096 -5120 11776 ) (-4096 -5120 -128 ) 
4 376 377 (-4096 -4096 11776 ) (-4096 -4096 -128 ) (-4096 -5120 -128 ) (-4096 -5120 11776 ) 
4 377 380 (-5120 -4096 11776 ) (-5120 -4096 -128 ) (-5120 -5120 -128 ) (-5120 -5120 11776 ) 
4 377 379 (-4096 -5120 -128 ) (-4096 -5120 11776 ) (-5120 -5120 11776 ) (-5120 -5120 -128 ) 
4 378 384 (-3072 -6144 -128 ) (-3072 -6144 11776 ) (-4096 -6144 11776 ) (-4096 -6144 -128 ) 
4 378 379 (-4096 -5120 11776 ) (-4096 -5120 -128 ) (-4096 -6144 -128 ) (-4096 -6144 11776 ) 
4 379 385 (-4096 -6144 -128 ) (-4096 -6144 11776 ) (-5120 -6144 11776 ) (-5120 -6144 -128 ) 
4 379 382 (-5120 -6144 -128 ) (-5120 -6144 11776 ) (-5120 -5120 11776 ) (-5120 -5120 -128 ) 
4 380 382 (-5120 -5120 -128 ) (-5120 -5120 11776 ) (-6144 -5120 11776 ) (-6144 -5120 -128 ) 
4 380 381 (-6144 -4096 11776 ) (-6144 -4096 -128 ) (-6144 -5120 -128 ) (-6144 -5120 11776 ) 
4 381 420 (-7168 -5120 -128 ) (-7168 -5120 11776 ) (-7168 -4096 11776 ) (-7168 -4096 -128 ) 
4 381 383 (-6144 -5120 -128 ) (-6144 -5120 11776 ) (-7168 -5120 11776 ) (-7168 -5120 -128 ) 
4 382 388 (-5120 -6144 -128 ) (-5120 -6144 11776 ) (-6144 -6144 11776 ) (-6144 -6144 -128 ) 
4 382 383 (-6144 -5120 11776 ) (-6144 -5120 -128 ) (-6144 -6144 -128 ) (-6144 -6144 11776 ) 
4 383 422 (-7168 -6144 -128 ) (-7168 -6144 11776 ) (-7168 -5120 11776 ) (-7168 -5120 -128 ) 
4 383 389 (-6144 -6144 -128 ) (-6144 -6144 11776 ) (-7168 -6144 11776 ) (-7168 -6144 -128 ) 
4 384 386 (-3072 -7168 -128 ) (-3072 -7168 11776 ) (-4096 -7168 11776 ) (-4096 -7168 -128 ) 
4 384 385 (-4096 -6144 11776 ) (-4096 -6144 -128 ) (-4096 -7168 -128 ) (-4096 -7168 11776 ) 
4 385 388 (-5120 -6144 11776 ) (-5120 -6144 -128 ) (-5120 -7168 -128 ) (-5120 -7168 11776 ) 
4 385 387 (-4096 -7168 -128 ) (-4096 -7168 11776 ) (-5120 -7168 11776 ) (-5120 -7168 -128 ) 
4 386 387 (-4096 -7927.130371 11776 ) (-4096 -7168 11776 ) (-4096 -7168 -128 ) (-4096 -7927.130371 -128 ) 
4 387 390 (-5120 -7927.130371 11776 ) (-5120 -7168 11776 ) (-5120 -7168 -128 ) (-5120 -7927.130371 -128 ) 
4 388 390 (-5120 -7168 -128 ) (-5120 -7168 11776 ) (-6144 -7168 11776 ) (-6144 -7168 -128 ) 
4 388 389 (-6144 -6144 11776 ) (-6144 -6144 -128 ) (-6144 -7168 -128 ) (-6144 -7168 11776 ) 
4 389 428 (-7168 -7168 -128 ) (-7168 -7168 11776 ) (-7168 -6144 11776 ) (-7168 -6144 -128 ) 
4 389 391 (-6144 -7168 -128 ) (-6144 -7168 11776 ) (-7168 -7168 11776 ) (-7168 -7168 -128 ) 
4 390 391 (-6144 -7927.130371 11776 ) (-6144 -7168 11776 ) (-6144 -7168 -128 ) (-6144 -7927.130371 -128 ) 
4 391 430 (-7168 -7927.130371 11776 ) (-7168 -7168 11776 ) (-7168 -7168 -128 ) (-7168 -7927.130371 -128 ) 
4 392 394 (-7168 -1024 -128 ) (-7168 -1024 11776 ) (-8192 -1024 11776 ) (-8192 -1024 -128 ) 
4 392 393 (-8192 0 11776 ) (-8192 0 -128 ) (-8192 -1024 -128 ) (-8192 -1024 11776 ) 
4 393 396 (-9216 0 11776 ) (-9216 0 -128 ) (-9216 -1024 -128 ) (-9216 -1024 11776 ) 
4 393 395 (-8192 -1024 -128 ) (-8192 -1024 11776 ) (-9216 -1024 11776 ) (-9216 -1024 -128 ) 
4 394 400 (-7168 -2048 -128 ) (-7168 -2048 11776 ) (-8192 -2048 11776 ) (-8192 -2048 -128 ) 
4 394 395 (-8192 -1024 11776 ) (-8192 -1024 -128 ) (-8192 -2048 -128 ) (-8192 -2048 11776 ) 
4 395 401 (-8192 -2048 -128 ) (-8192 -2048 11776 ) (-9216 -2048 11776 ) (-9216 -2048 -128 ) 
4 395 398 (-9216 -2048 -128 ) (-9216 -2048 11776 ) (-9216 -1024 11776 ) (-9216 -1024 -128 ) 
4 396 398 (-9216 -1024 -128 ) (-9216 -1024 11776 ) (-10240 -1024 11776 ) (-10240 -1024 -128 ) 
4 396 397 (-10240 0 11776 ) (-10240 0 -128 ) (-10240 -1024 -128 ) (-10240 -1024 11776 ) 
4 397 408 (-11264 0 11776 ) (-11264 0 -128 ) (-11264 -1024 -128 ) (-11264 -1024 11776 ) 
4 397 399 (-10240 -1024 -128 ) (-10240 -1024 11776 ) (-11264 -1024 11776 ) (-11264 -1024 -128 ) 
4 398 404 (-9216 -2048 -128 ) (-9216 -2048 11776 ) (-10240 -2048 11776 ) (-10240 -2048 -128 ) 
4 398 399 (-10240 -1024 11776 ) (-10240 -1024 -128 ) (-10240 -2048 -128 ) (-10240 -2048 11776 ) 
4 399 410 (-11264 -2048 -128 ) (-11264 -2048 11776 ) (-11264 -1024 11776 ) (-11264 -1024 -128 ) 
4 399 405 (-10240 -2048 -128 ) (-10240 -2048 11776 ) (-11264 -2048 11776 ) (-11264 -2048 -128 ) 
4 400 402 (-7168 -3072 -128 ) (-7168 -3072 11776 ) (-8192 -3072 11776 ) (-8192 -3072 -128 ) 
4 400 401 (-8192 -2048 11776 ) (-8192 -2048 -128 ) (-8192 -3072 -128 ) (-8192 -3072 11776 ) 
4 401 404 (-9216 -2048 11776 ) (-9216 -2048 -128 ) (-9216 -3072 -128 ) (-9216 -3072 11776 ) 
4 401 403 (-8192 -3072 -128 ) (-8192 -3072 11776 ) (-9216 -3072 11776 ) (-9216 -3072 -128 ) 
4 402 420 (-7168 -4096 -128 ) (-7168 -4096 11776 ) (-8192 -4096 11776 ) (-8192 -4096 -128 ) 
4 402 403 (-8192 -3072 11776 ) (-8192 -3072 -128 ) (-8192 -4096 -128 ) (-8192 -4096 11776 ) 
4 403 421 (-8192 -4096 -128 ) (-8192 -4096 11776 ) (-9216 -4096 11776 ) (-9216 -4096 -128 ) 
4 403 406 (-9216 -4096 -128 ) (-9216 -4096 11776 ) (-9216 -3072 11776 ) (-9216 -3072 -128 ) 
4 404 406 (-9216 -3072 -128 ) (-9216 -3072 11776 ) (-10240 -3072 11776 ) (-10240 -3072 -128 ) 
4 404 405 (-10240 -2048 11776 ) (-10240 -2048 -128 ) (-10240 -3072 -128 ) (-10240 -3072 11776 ) 
4 405 414 (-11264 -3072 -128 ) (-11264 -3072 11776 ) (-11264 -2048 11776 ) (-11264 -2048 -128 ) 
4 405 407 (-10240 -3072 -128 ) (-10240 -3072 11776 ) (-11264 -3072 11776 ) (-11264 -3072 -128 ) 
4 406 424 (-9216 -4096 -128 ) (-9216 -4096 11776 ) (-10240 -4096 11776 ) (-10240 -4096 -128 ) 
4 406 407 (-10240 -3072 11776 ) (-10240 -3072 -128 ) (-10240 -4096 -128 ) (-10240 -4096 11776 ) 
4 407 425 (-10240 -4096 -128 ) (-10240 -4096 11776 ) (-11264 -4096 11776 ) (-11264 -4096 -128 ) 
4 407 416 (-11264 -4096 -128 ) (-11264 -4096 11776 ) (-11264 -3072 11776 ) (-11264 -3072 -128 ) 
4 408 410 (-11264 -1024 -128 ) (-11264 -1024 11776 ) (-12288 -1024 11776 ) (-12288 -1024 -128 ) 
4 408 409 (-12288 0 11776 ) (-12288 0 -128 ) (-12288 -1024 -128 ) (-12288 -1024 11776 ) 
4 409 412 (-13312 0 11776 ) (-13312 0 -128 ) (-13312 -1024 -128 ) (-13312 -1024 11776 ) 
4 409 411 (-12288 -1024 -128 ) (-12288 -1024 11776 ) (-13312 -1024 11776 ) (-13312 -1024 -128 ) 
4 410 414 (-11264 -2048 -128 ) (-11264 -2048 11776 ) (-12288 -2048 11776 ) (-12288 -2048 -128 ) 
4 410 411 (-12288 -1024 11776 ) (-12288 -1024 -128 ) (-12288 -2048 -128 ) (-12288 -2048 11776 ) 
4 411 415 (-12288 -2048 -128 ) (-12288 -2048 11776 ) (-13312 -2048 11776 ) (-13312 -2048 -128 ) 
4 411 413 (-13312 -2048 -128 ) (-13312 -2048 11776 ) (-13312 -1024 11776 ) (-13312 -1024 -128 ) 
4 412 413 (-13312 -1024 -128 ) (-13312 -1024 11776 ) (-14044 -1024 11776 ) (-14044 -1024 -128 ) 
4 413 418 (-13312 -2048 -128 ) (-13312 -2048 11776 ) (-14044 -2048 11776 ) (-14044 -2048 -128 ) 
4 414 416 (-11264 -3072 -128 ) (-11264 -3072 11776 ) (-12288 -3072 11776 ) (-12288 -3072 -128 ) 
4 414 415 (-12288 -2048 11776 ) (-12288 -2048 -128 ) (-12288 -3072 -128 ) (-12288 -3072 11776 ) 
4 415 418 (-13312 -2048 11776 ) (-13312 -2048 -128 ) (-13312 -3072 -128 ) (-13312 -3072 11776 ) 
4 415 417 (-12288 -3072 -128 ) (-12288 -3072 11776 ) (-13312 -3072 11776 ) (-13312 -3072 -128 ) 
4 416 436 (-11264 -4096 -128 ) (-11264 -4096 11776 ) (-12288 -4096 11776 ) (-12288 -4096 -128 ) 
4 416 417 (-12288 -3072 11776 ) (-12288 -3072 -128 ) (-12288 -4096 -128 ) (-12288 -4096 11776 ) 
4 417 437 (-12288 -4096 -128 ) (-12288 -4096 11776 ) (-13312 -4096 11776 ) (-13312 -4096 -128 ) 
4 417 419 (-13312 -4096 -128 ) (-13312 -4096 11776 ) (-13312 -3072 11776 ) (-13312 -3072 -128 ) 
4 418 419 (-13312 -3072 -128 ) (-13312 -3072 11776 ) (-14044 -3072 11776 ) (-14044 -3072 -128 ) 
4 419 440 (-13312 -4096 -128 ) (-13312 -4096 11776 ) (-14044 -4096 11776 ) (-14044 -4096 -128 ) 
4 420 422 (-7168 -5120 -128 ) (-7168 -5120 11776 ) (-8192 -5120 11776 ) (-8192 -5120 -128 ) 
4 420 421 (-8192 -4096 11776 ) (-8192 -4096 -128 ) (-8192 -5120 -128 ) (-8192 -5120 11776 ) 
4 421 424 (-9216 -4096 11776 ) (-9216 -4096 -128 ) (-9216 -5120 -128 ) (-9216 -5120 11776 ) 
4 421 423 (-8192 -5120 -128 ) (-8192 -5120 11776 ) (-9216 -5120 11776 ) (-9216 -5120 -128 ) 
4 422 428 (-7168 -6144 -128 ) (-7168 -6144 11776 ) (-8192 -6144 11776 ) (-8192 -6144 -128 ) 
4 422 423 (-8192 -5120 11776 ) (-8192 -5120 -128 ) (-8192 -6144 -128 ) (-8192 -6144 11776 ) 
4 423 429 (-8192 -6144 -128 ) (-8192 -6144 11776 ) (-9216 -6144 11776 ) (-9216 -6144 -128 ) 
4 423 426 (-9216 -6144 -128 ) (-9216 -6144 11776 ) (-9216 -5120 11776 ) (-9216 -5120 -128 ) 
4 424 426 (-9216 -5120 -128 ) (-9216 -5120 11776 ) (-10240 -5120 11776 ) (-10240 -5120 -128 ) 
4 424 425 (-10240 -4096 11776 ) (-10240 -4096 -128 ) (-10240 -5120 -128 ) (-10240 -5120 11776 ) 
4 425 436 (-11264 -4096 11776 ) (-11264 -4096 -128 ) (-11264 -5120 -128 ) (-11264 -5120 11776 ) 
4 425 427 (-10240 -5120 -128 ) (-10240 -5120 11776 ) (-11264 -5120 11776 ) (-11264 -5120 -128 ) 
4 426 432 (-9216 -6144 -128 ) (-9216 -6144 11776 ) (-10240 -6144 11776 ) (-10240 -6144 -128 ) 
4 426 427 (-10240 -5120 11776 ) (-10240 -5120 -128 ) (-10240 -6144 -128 ) (-10240 -6144 11776 ) 
4 427 438 (-11264 -6144 -128 ) (-11264 -6144 11776 ) (-11264 -5120 11776 ) (-11264 -5120 -128 ) 
4 427 433 (-10240 -6144 -128 ) (-10240 -6144 11776 ) (-11264 -6144 11776 ) (-11264 -6144 -128 ) 
4 428 430 (-7168 -7168 -128 ) (-7168 -7168 11776 ) (-8192 -7168 11776 ) (-8192 -7168 -128 ) 
4 428 429 (-8192 -6144 11776 ) (-8192 -6144 -128 ) (-8192 -7168 -128 ) (-8192 -7168 11776 ) 
4 429 432 (-9216 -6144 11776 ) (-9216 -6144 -128 ) (-9216 -7168 -128 ) (-9216 -7168 11776 ) 
4 429 431 (-8192 -7168 -128 ) (-8192 -7168 11776 ) (-9216 -7168 11776 ) (-9216 -7168 -128 ) 
4 430 431 (-8192 -7927.130371 11776 ) (-8192 -7168 11776 ) (-8192 -7168 -128 ) (-8192 -7927.130371 -128 ) 
4 431 434 (-9216 -7927.130371 11776 ) (-9216 -7168 11776 ) (-9216 -7168 -128 ) (-9216 -7927.130371 -128 ) 
4 432 434 (-9216 -7168 -128 ) (-9216 -7168 11776 ) (-10240 -7168 11776 ) (-10240 -7168 -128 ) 
4 432 433 (-10240 -6144 11776 ) (-10240 -6144 -128 ) (-10240 -7168 -128 ) (-10240 -7168 11776 ) 
4 433 442 (-11264 -7168 -128 ) (-11264 -7168 11776 ) (-11264 -6144 11776 ) (-11264 -6144 -128 ) 
4 433 435 (-10240 -7168 -128 ) (-10240 -7168 11776 ) (-11264 -7168 11776 ) (-11264 -7168 -128 ) 
4 434 435 (-10240 -7927.130371 11776 ) (-10240 -7168 11776 ) (-10240 -7168 -128 ) (-10240 -7927.130371 -128 ) 
4 435 444 (-11264 -7927.130371 11776 ) (-11264 -7168 11776 ) (-11264 -7168 -128 ) (-11264 -7927.130371 -128 ) 
4 436 438 (-11264 -5120 -128 ) (-11264 -5120 11776 ) (-12288 -5120 11776 ) (-12288 -5120 -128 ) 
4 436 437 (-12288 -4096 11776 ) (-12288 -4096 -128 ) (-12288 -5120 -128 ) (-12288 -5120 11776 ) 
4 437 440 (-13312 -4096 11776 ) (-13312 -4096 -128 ) (-13312 -5120 -128 ) (-13312 -5120 11776 ) 
4 437 439 (-12288 -5120 -128 ) (-12288 -5120 11776 ) (-13312 -5120 11776 ) (-13312 -5120 -128 ) 
4 438 442 (-11264 -6144 -128 ) (-11264 -6144 11776 ) (-12288 -6144 11776 ) (-12288 -6144 -128 ) 
4 438 439 (-12288 -5120 11776 ) (-12288 -5120 -128 ) (-12288 -6144 -128 ) (-12288 -6144 11776 ) 
4 439 443 (-12288 -6144 -128 ) (-12288 -6144 11776 ) (-13312 -6144 11776 ) (-13312 -6144 -128 ) 
4 439 441 (-13312 -6144 -128 ) (-13312 -6144 11776 ) (-13312 -5120 11776 ) (-13312 -5120 -128 ) 
4 440 441 (-13312 -5120 -128 ) (-13312 -5120 11776 ) (-14044 -5120 11776 ) (-14044 -5120 -128 ) 
4 441 446 (-13312 -6144 -128 ) (-13312 -6144 11776 ) (-14044 -6144 11776 ) (-14044 -6144 -128 ) 
4 442 444 (-11264 -7168 -128 ) (-11264 -7168 11776 ) (-12288 -7168 11776 ) (-12288 -7168 -128 ) 
4 442 443 (-12288 -6144 11776 ) (-12288 -6144 -128 ) (-12288 -7168 -128 ) (-12288 -7168 11776 ) 
4 443 446 (-13312 -6144 11776 ) (-13312 -6144 -128 ) (-13312 -7168 -128 ) (-13312 -7168 11776 ) 
4 443 445 (-12288 -7168 -128 ) (-12288 -7168 11776 ) (-13312 -7168 11776 ) (-13312 -7168 -128 ) 
4 444 445 (-12288 -7927.130371 11776 ) (-12288 -7168 11776 ) (-12288 -7168 -128 ) (-12288 -7927.130371 -128 ) 
4 445 447 (-13312 -7927.130371 11776 ) (-13312 -7168 11776 ) (-13312 -7168 -128 ) (-13312 -7927.130371 -128 ) 
4 446 447 (-13312 -7168 -128 ) (-13312 -7168 11776 ) (-14044 -7168 11776 ) (-14044 -7168 -128 ) 
